Start testing: Aug 24 18:35 EDT
----------------------------------------------------------
1/3 Testing: test_generate_output
1/3 Test: test_generate_output
Command: "/home/gd0/Documents/workspace_dev/FizzBuzz_generic_v2/build/FizzBuzz_classes/test_generate_output" "WORKING_DIRECTORY" "/home/gd0/Documents/workspace_dev/FizzBuzz_generic_v2/build/FizzBuzz_classes"
Directory: /home/gd0/Documents/workspace_dev/FizzBuzz_generic_v2/build/FizzBuzz_classes
"test_generate_output" start time: Aug 24 18:35 EDT
Output:
----------------------------------------------------------
Boost.Test WARNING: token "WORKING_DIRECTORY" does not correspond to the Boost.Test argument 
                    and should be placed after all Boost.Test arguments and the -- separator.
                    For example: test_generate_output --random -- WORKING_DIRECTORY
Boost.Test WARNING: token "/home/gd0/Documents/workspace_dev/FizzBuzz_generic_v2/build/FizzBuzz_classes" does not correspond to the Boost.Test argument 
                    and should be placed after all Boost.Test arguments and the -- separator.
                    For example: test_generate_output --random -- /home/gd0/Documents/workspace_dev/FizzBuzz_generic_v2/build/FizzBuzz_classes
Running 1 test case...

*** No errors detected
<end of output>
Test time =   0.00 sec
----------------------------------------------------------
Test Passed.
"test_generate_output" end time: Aug 24 18:35 EDT
"test_generate_output" time elapsed: 00:00:00
----------------------------------------------------------

2/3 Testing: test_inputProperties
2/3 Test: test_inputProperties
Command: "/home/gd0/Documents/workspace_dev/FizzBuzz_generic_v2/build/FizzBuzz_classes/test_inputProperties" "WORKING_DIRECTORY" "/home/gd0/Documents/workspace_dev/FizzBuzz_generic_v2/build/FizzBuzz_classes"
Directory: /home/gd0/Documents/workspace_dev/FizzBuzz_generic_v2/build/FizzBuzz_classes
"test_inputProperties" start time: Aug 24 18:35 EDT
Output:
----------------------------------------------------------
Boost.Test WARNING: token "WORKING_DIRECTORY" does not correspond to the Boost.Test argument 
                    and should be placed after all Boost.Test arguments and the -- separator.
                    For example: test_inputProperties --random -- WORKING_DIRECTORY
Boost.Test WARNING: token "/home/gd0/Documents/workspace_dev/FizzBuzz_generic_v2/build/FizzBuzz_classes" does not correspond to the Boost.Test argument 
                    and should be placed after all Boost.Test arguments and the -- separator.
                    For example: test_inputProperties --random -- /home/gd0/Documents/workspace_dev/FizzBuzz_generic_v2/build/FizzBuzz_classes
Running 1 test case...

*** No errors detected
<end of output>
Test time =   0.00 sec
----------------------------------------------------------
Test Passed.
"test_inputProperties" end time: Aug 24 18:35 EDT
"test_inputProperties" time elapsed: 00:00:00
----------------------------------------------------------

3/3 Testing: test_variables
3/3 Test: test_variables
Command: "/home/gd0/Documents/workspace_dev/FizzBuzz_generic_v2/build/FizzBuzz_classes/test_variables" "WORKING_DIRECTORY" "/home/gd0/Documents/workspace_dev/FizzBuzz_generic_v2/build/FizzBuzz_classes"
Directory: /home/gd0/Documents/workspace_dev/FizzBuzz_generic_v2/build/FizzBuzz_classes
"test_variables" start time: Aug 24 18:35 EDT
Output:
----------------------------------------------------------
Boost.Test WARNING: token "WORKING_DIRECTORY" does not correspond to the Boost.Test argument 
                    and should be placed after all Boost.Test arguments and the -- separator.
                    For example: test_variables --random -- WORKING_DIRECTORY
Boost.Test WARNING: token "/home/gd0/Documents/workspace_dev/FizzBuzz_generic_v2/build/FizzBuzz_classes" does not correspond to the Boost.Test argument 
                    and should be placed after all Boost.Test arguments and the -- separator.
                    For example: test_variables --random -- /home/gd0/Documents/workspace_dev/FizzBuzz_generic_v2/build/FizzBuzz_classes
Running 2 test cases...

*** No errors detected
<end of output>
Test time =   0.00 sec
----------------------------------------------------------
Test Passed.
"test_variables" end time: Aug 24 18:35 EDT
"test_variables" time elapsed: 00:00:00
----------------------------------------------------------

End testing: Aug 24 18:35 EDT
