[ 50%] Built target FizzBuzz_classes
[ 66%] Built target Fizz_Buzz_v2
Scanning dependencies of target inputProperties
[ 75%] Building CXX object FizzBuzz_classes/CMakeFiles/inputProperties.dir/tests/inputProperties.cpp.o
/home/gd0/Documents/workspace_dev/FizzBuzz_generic_v2/FizzBuzz_classes/tests/inputProperties.cpp: In member function ‘void test_c::test_method()’:
/home/gd0/Documents/workspace_dev/FizzBuzz_generic_v2/FizzBuzz_classes/tests/inputProperties.cpp:47:31: error: binding ‘const string {aka const std::__cxx11::basic_string<char>}’ to reference of type ‘std::__cxx11::string& {aka std::__cxx11::basic_string<char>&}’ discards qualifiers
     inputProperties input(file);
                               ^
In file included from /home/gd0/Documents/workspace_dev/FizzBuzz_generic_v2/FizzBuzz_classes/tests/inputProperties.cpp:35:0:
/home/gd0/Documents/workspace_dev/FizzBuzz_generic_v2/FizzBuzz_classes/inputProperties.h:46:5: note:   initializing argument 1 of ‘inputProperties::inputProperties(std::__cxx11::string&)’
     inputProperties(std::string& file_loc);
     ^~~~~~~~~~~~~~~
In file included from /usr/include/boost/test/test_tools.hpp:46:0,
                 from /usr/include/boost/test/unit_test.hpp:18,
                 from /usr/include/boost/test/included/unit_test.hpp:34,
                 from /home/gd0/Documents/workspace_dev/FizzBuzz_generic_v2/FizzBuzz_classes/tests/inputProperties.cpp:33:
/usr/include/boost/test/tools/old/impl.hpp: In instantiation of ‘boost::test_tools::assertion_result boost::test_tools::tt_detail::equal_impl(const Left&, const Right&) [with Left = std::__cxx11::basic_string<char>; Right = int]’:
/usr/include/boost/test/tools/old/impl.hpp:130:26:   required from ‘boost::test_tools::assertion_result boost::test_tools::tt_detail::equal_impl_frwd::call_impl(const Left&, const Right&, mpl_::false_) const [with Left = std::__cxx11::basic_string<char>; Right = int; mpl_::false_ = mpl_::bool_<false>]’
/usr/include/boost/test/tools/old/impl.hpp:145:56:   required from ‘boost::test_tools::assertion_result boost::test_tools::tt_detail::equal_impl_frwd::operator()(const Left&, const Right&) const [with Left = std::__cxx11::basic_string<char>; Right = int]’
/usr/include/boost/test/tools/old/impl.hpp:92:1:   required from ‘bool boost::test_tools::tt_detail::check_frwd(Pred, const boost::unit_test::lazy_ostream&, boost::unit_test::const_string, std::size_t, boost::test_tools::tt_detail::tool_level, boost::test_tools::tt_detail::check_type, const Arg0&, const char*, const Arg1&, const char*) [with Pred = boost::test_tools::tt_detail::equal_impl_frwd; Arg0 = std::__cxx11::basic_string<char>; Arg1 = int; boost::unit_test::const_string = boost::unit_test::basic_cstring<const char>; std::size_t = long unsigned int]’
/home/gd0/Documents/workspace_dev/FizzBuzz_generic_v2/FizzBuzz_classes/tests/inputProperties.cpp:52:3:   required from here
/usr/include/boost/test/tools/old/impl.hpp:107:17: error: no match for ‘operator==’ (operand types are ‘const std::__cxx11::basic_string<char>’ and ‘const int’)
     return left == right;
            ~~~~~^~~~~~~~
In file included from /usr/include/boost/shared_ptr.hpp:17:0,
                 from /usr/include/boost/test/execution_monitor.hpp:24,
                 from /usr/include/boost/test/impl/compiler_log_formatter.ipp:22,
                 from /usr/include/boost/test/included/unit_test.hpp:15,
                 from /home/gd0/Documents/workspace_dev/FizzBuzz_generic_v2/FizzBuzz_classes/tests/inputProperties.cpp:33:
/usr/include/boost/smart_ptr/shared_ptr.hpp:773:40: note: candidate: template<class T, class U> bool boost::operator==(const boost::shared_ptr<X>&, const boost::shared_ptr<U>&)
 template<class T, class U> inline bool operator==(shared_ptr<T> const & a, shared_ptr<U> const & b) BOOST_NOEXCEPT
                                        ^~~~~~~~
/usr/include/boost/smart_ptr/shared_ptr.hpp:773:40: note:   template argument deduction/substitution failed:
In file included from /usr/include/boost/test/test_tools.hpp:46:0,
                 from /usr/include/boost/test/unit_test.hpp:18,
                 from /usr/include/boost/test/included/unit_test.hpp:34,
                 from /home/gd0/Documents/workspace_dev/FizzBuzz_generic_v2/FizzBuzz_classes/tests/inputProperties.cpp:33:
/usr/include/boost/test/tools/old/impl.hpp:107:17: note:   ‘const std::__cxx11::basic_string<char>’ is not derived from ‘const boost::shared_ptr<X>’
     return left == right;
            ~~~~~^~~~~~~~
In file included from /usr/include/boost/shared_ptr.hpp:17:0,
                 from /usr/include/boost/test/execution_monitor.hpp:24,
                 from /usr/include/boost/test/impl/compiler_log_formatter.ipp:22,
                 from /usr/include/boost/test/included/unit_test.hpp:15,
                 from /home/gd0/Documents/workspace_dev/FizzBuzz_generic_v2/FizzBuzz_classes/tests/inputProperties.cpp:33:
/usr/include/boost/smart_ptr/shared_ptr.hpp:796:31: note: candidate: template<class T> bool boost::operator==(const boost::shared_ptr<X>&, boost::detail::sp_nullptr_t)
 template<class T> inline bool operator==( shared_ptr<T> const & p, boost::detail::sp_nullptr_t ) BOOST_NOEXCEPT
                               ^~~~~~~~
/usr/include/boost/smart_ptr/shared_ptr.hpp:796:31: note:   template argument deduction/substitution failed:
In file included from /usr/include/boost/test/test_tools.hpp:46:0,
                 from /usr/include/boost/test/unit_test.hpp:18,
                 from /usr/include/boost/test/included/unit_test.hpp:34,
                 from /home/gd0/Documents/workspace_dev/FizzBuzz_generic_v2/FizzBuzz_classes/tests/inputProperties.cpp:33:
/usr/include/boost/test/tools/old/impl.hpp:107:17: note:   ‘const std::__cxx11::basic_string<char>’ is not derived from ‘const boost::shared_ptr<X>’
     return left == right;
            ~~~~~^~~~~~~~
In file included from /usr/include/boost/shared_ptr.hpp:17:0,
                 from /usr/include/boost/test/execution_monitor.hpp:24,
                 from /usr/include/boost/test/impl/compiler_log_formatter.ipp:22,
                 from /usr/include/boost/test/included/unit_test.hpp:15,
                 from /home/gd0/Documents/workspace_dev/FizzBuzz_generic_v2/FizzBuzz_classes/tests/inputProperties.cpp:33:
/usr/include/boost/smart_ptr/shared_ptr.hpp:801:31: note: candidate: template<class T> bool boost::operator==(boost::detail::sp_nullptr_t, const boost::shared_ptr<X>&)
 template<class T> inline bool operator==( boost::detail::sp_nullptr_t, shared_ptr<T> const & p ) BOOST_NOEXCEPT
                               ^~~~~~~~
/usr/include/boost/smart_ptr/shared_ptr.hpp:801:31: note:   template argument deduction/substitution failed:
In file included from /usr/include/boost/test/test_tools.hpp:46:0,
                 from /usr/include/boost/test/unit_test.hpp:18,
                 from /usr/include/boost/test/included/unit_test.hpp:34,
                 from /home/gd0/Documents/workspace_dev/FizzBuzz_generic_v2/FizzBuzz_classes/tests/inputProperties.cpp:33:
/usr/include/boost/test/tools/old/impl.hpp:107:17: note:   mismatched types ‘const boost::shared_ptr<X>’ and ‘const int’
     return left == right;
            ~~~~~^~~~~~~~
In file included from /usr/include/boost/scoped_array.hpp:14:0,
                 from /usr/include/boost/test/execution_monitor.hpp:25,
                 from /usr/include/boost/test/impl/compiler_log_formatter.ipp:22,
                 from /usr/include/boost/test/included/unit_test.hpp:15,
                 from /home/gd0/Documents/workspace_dev/FizzBuzz_generic_v2/FizzBuzz_classes/tests/inputProperties.cpp:33:
/usr/include/boost/smart_ptr/scoped_array.hpp:103:31: note: candidate: template<class T> bool boost::operator==(const boost::scoped_array<T>&, boost::detail::sp_nullptr_t)
 template<class T> inline bool operator==( scoped_array<T> const & p, boost::detail::sp_nullptr_t ) BOOST_NOEXCEPT
                               ^~~~~~~~
/usr/include/boost/smart_ptr/scoped_array.hpp:103:31: note:   template argument deduction/substitution failed:
In file included from /usr/include/boost/test/test_tools.hpp:46:0,
                 from /usr/include/boost/test/unit_test.hpp:18,
                 from /usr/include/boost/test/included/unit_test.hpp:34,
                 from /home/gd0/Documents/workspace_dev/FizzBuzz_generic_v2/FizzBuzz_classes/tests/inputProperties.cpp:33:
/usr/include/boost/test/tools/old/impl.hpp:107:17: note:   ‘const std::__cxx11::basic_string<char>’ is not derived from ‘const boost::scoped_array<T>’
     return left == right;
            ~~~~~^~~~~~~~
In file included from /usr/include/boost/scoped_array.hpp:14:0,
                 from /usr/include/boost/test/execution_monitor.hpp:25,
                 from /usr/include/boost/test/impl/compiler_log_formatter.ipp:22,
                 from /usr/include/boost/test/included/unit_test.hpp:15,
                 from /home/gd0/Documents/workspace_dev/FizzBuzz_generic_v2/FizzBuzz_classes/tests/inputProperties.cpp:33:
/usr/include/boost/smart_ptr/scoped_array.hpp:108:31: note: candidate: template<class T> bool boost::operator==(boost::detail::sp_nullptr_t, const boost::scoped_array<T>&)
 template<class T> inline bool operator==( boost::detail::sp_nullptr_t, scoped_array<T> const & p ) BOOST_NOEXCEPT
                               ^~~~~~~~
/usr/include/boost/smart_ptr/scoped_array.hpp:108:31: note:   template argument deduction/substitution failed:
In file included from /usr/include/boost/test/test_tools.hpp:46:0,
                 from /usr/include/boost/test/unit_test.hpp:18,
                 from /usr/include/boost/test/included/unit_test.hpp:34,
                 from /home/gd0/Documents/workspace_dev/FizzBuzz_generic_v2/FizzBuzz_classes/tests/inputProperties.cpp:33:
/usr/include/boost/test/tools/old/impl.hpp:107:17: note:   mismatched types ‘const boost::scoped_array<T>’ and ‘const int’
     return left == right;
            ~~~~~^~~~~~~~
In file included from /usr/include/boost/function/detail/prologue.hpp:17:0,
                 from /usr/include/boost/function/function_template.hpp:13,
                 from /usr/include/boost/function/detail/maybe_include.hpp:13,
                 from /usr/include/boost/function/function0.hpp:11,
                 from /usr/include/boost/test/execution_monitor.hpp:28,
                 from /usr/include/boost/test/impl/compiler_log_formatter.ipp:22,
                 from /usr/include/boost/test/included/unit_test.hpp:15,
                 from /home/gd0/Documents/workspace_dev/FizzBuzz_generic_v2/FizzBuzz_classes/tests/inputProperties.cpp:33:
/usr/include/boost/function/function_base.hpp:728:13: note: candidate: bool boost::operator==(const boost::function_base&, boost::detail::function::useless_clear_type*)
 inline bool operator==(const function_base& f,
             ^~~~~~~~
/usr/include/boost/function/function_base.hpp:728:13: note:   no known conversion for argument 1 from ‘const std::__cxx11::basic_string<char>’ to ‘const boost::function_base&’
/usr/include/boost/function/function_base.hpp:740:13: note: candidate: bool boost::operator==(boost::detail::function::useless_clear_type*, const boost::function_base&)
 inline bool operator==(detail::function::useless_clear_type*,
             ^~~~~~~~
/usr/include/boost/function/function_base.hpp:740:13: note:   no known conversion for argument 1 from ‘const std::__cxx11::basic_string<char>’ to ‘boost::detail::function::useless_clear_type*’
/usr/include/boost/function/function_base.hpp:790:3: note: candidate: template<class Functor> typename boost::enable_if_c<(! boost::is_integral<T>::value), bool>::type boost::operator==(const boost::function_base&, Functor)
   operator==(const function_base& f, Functor g)
   ^~~~~~~~
/usr/include/boost/function/function_base.hpp:790:3: note:   template argument deduction/substitution failed:
In file included from /usr/include/boost/test/test_tools.hpp:46:0,
                 from /usr/include/boost/test/unit_test.hpp:18,
                 from /usr/include/boost/test/included/unit_test.hpp:34,
                 from /home/gd0/Documents/workspace_dev/FizzBuzz_generic_v2/FizzBuzz_classes/tests/inputProperties.cpp:33:
/usr/include/boost/test/tools/old/impl.hpp:107:17: note:   cannot convert ‘left’ (type ‘const std::__cxx11::basic_string<char>’) to type ‘const boost::function_base&’
     return left == right;
            ~~~~~^~~~~~~~
In file included from /usr/include/boost/function/detail/prologue.hpp:17:0,
                 from /usr/include/boost/function/function_template.hpp:13,
                 from /usr/include/boost/function/detail/maybe_include.hpp:13,
                 from /usr/include/boost/function/function0.hpp:11,
                 from /usr/include/boost/test/execution_monitor.hpp:28,
                 from /usr/include/boost/test/impl/compiler_log_formatter.ipp:22,
                 from /usr/include/boost/test/included/unit_test.hpp:15,
                 from /home/gd0/Documents/workspace_dev/FizzBuzz_generic_v2/FizzBuzz_classes/tests/inputProperties.cpp:33:
/usr/include/boost/function/function_base.hpp:799:3: note: candidate: template<class Functor> typename boost::enable_if_c<(! boost::is_integral<T>::value), bool>::type boost::operator==(Functor, const boost::function_base&)
   operator==(Functor g, const function_base& f)
   ^~~~~~~~
/usr/include/boost/function/function_base.hpp:799:3: note:   template argument deduction/substitution failed:
In file included from /usr/include/boost/test/test_tools.hpp:46:0,
                 from /usr/include/boost/test/unit_test.hpp:18,
                 from /usr/include/boost/test/included/unit_test.hpp:34,
                 from /home/gd0/Documents/workspace_dev/FizzBuzz_generic_v2/FizzBuzz_classes/tests/inputProperties.cpp:33:
/usr/include/boost/test/tools/old/impl.hpp:107:17: note:   cannot convert ‘right’ (type ‘const int’) to type ‘const boost::function_base&’
     return left == right;
            ~~~~~^~~~~~~~
In file included from /usr/include/boost/function/detail/prologue.hpp:17:0,
                 from /usr/include/boost/function/function_template.hpp:13,
                 from /usr/include/boost/function/detail/maybe_include.hpp:13,
                 from /usr/include/boost/function/function0.hpp:11,
                 from /usr/include/boost/test/execution_monitor.hpp:28,
                 from /usr/include/boost/test/impl/compiler_log_formatter.ipp:22,
                 from /usr/include/boost/test/included/unit_test.hpp:15,
                 from /home/gd0/Documents/workspace_dev/FizzBuzz_generic_v2/FizzBuzz_classes/tests/inputProperties.cpp:33:
/usr/include/boost/function/function_base.hpp:827:3: note: candidate: template<class Functor> typename boost::enable_if_c<(! boost::is_integral<T>::value), bool>::type boost::operator==(const boost::function_base&, boost::reference_wrapper<T>)
   operator==(const function_base& f, reference_wrapper<Functor> g)
   ^~~~~~~~
/usr/include/boost/function/function_base.hpp:827:3: note:   template argument deduction/substitution failed:
In file included from /usr/include/boost/test/test_tools.hpp:46:0,
                 from /usr/include/boost/test/unit_test.hpp:18,
                 from /usr/include/boost/test/included/unit_test.hpp:34,
                 from /home/gd0/Documents/workspace_dev/FizzBuzz_generic_v2/FizzBuzz_classes/tests/inputProperties.cpp:33:
/usr/include/boost/test/tools/old/impl.hpp:107:17: note:   mismatched types ‘boost::reference_wrapper<T>’ and ‘int’
     return left == right;
            ~~~~~^~~~~~~~
In file included from /usr/include/boost/function/detail/prologue.hpp:17:0,
                 from /usr/include/boost/function/function_template.hpp:13,
                 from /usr/include/boost/function/detail/maybe_include.hpp:13,
                 from /usr/include/boost/function/function0.hpp:11,
                 from /usr/include/boost/test/execution_monitor.hpp:28,
                 from /usr/include/boost/test/impl/compiler_log_formatter.ipp:22,
                 from /usr/include/boost/test/included/unit_test.hpp:15,
                 from /home/gd0/Documents/workspace_dev/FizzBuzz_generic_v2/FizzBuzz_classes/tests/inputProperties.cpp:33:
/usr/include/boost/function/function_base.hpp:836:3: note: candidate: template<class Functor> typename boost::enable_if_c<(! boost::is_integral<T>::value), bool>::type boost::operator==(boost::reference_wrapper<T>, const boost::function_base&)
   operator==(reference_wrapper<Functor> g, const function_base& f)
   ^~~~~~~~
/usr/include/boost/function/function_base.hpp:836:3: note:   template argument deduction/substitution failed:
In file included from /usr/include/boost/test/test_tools.hpp:46:0,
                 from /usr/include/boost/test/unit_test.hpp:18,
                 from /usr/include/boost/test/included/unit_test.hpp:34,
                 from /home/gd0/Documents/workspace_dev/FizzBuzz_generic_v2/FizzBuzz_classes/tests/inputProperties.cpp:33:
/usr/include/boost/test/tools/old/impl.hpp:107:17: note:   ‘std::__cxx11::basic_string<char>’ is not derived from ‘boost::reference_wrapper<T>’
     return left == right;
            ~~~~~^~~~~~~~
In file included from /usr/include/boost/function/detail/maybe_include.hpp:13:0,
                 from /usr/include/boost/function/function0.hpp:11,
                 from /usr/include/boost/test/execution_monitor.hpp:28,
                 from /usr/include/boost/test/impl/compiler_log_formatter.ipp:22,
                 from /usr/include/boost/test/included/unit_test.hpp:15,
                 from /home/gd0/Documents/workspace_dev/FizzBuzz_generic_v2/FizzBuzz_classes/tests/inputProperties.cpp:33:
/usr/include/boost/function/function_template.hpp:1029:8: note: candidate: template<class R> void boost::operator==(const boost::function0<R>&, const boost::function0<R>&)
   void operator==(const BOOST_FUNCTION_FUNCTION<
        ^~~~~~~~
/usr/include/boost/function/function_template.hpp:1029:8: note:   template argument deduction/substitution failed:
In file included from /usr/include/boost/test/test_tools.hpp:46:0,
                 from /usr/include/boost/test/unit_test.hpp:18,
                 from /usr/include/boost/test/included/unit_test.hpp:34,
                 from /home/gd0/Documents/workspace_dev/FizzBuzz_generic_v2/FizzBuzz_classes/tests/inputProperties.cpp:33:
/usr/include/boost/test/tools/old/impl.hpp:107:17: note:   ‘const std::__cxx11::basic_string<char>’ is not derived from ‘const boost::function0<R>’
     return left == right;
            ~~~~~^~~~~~~~
In file included from /usr/include/boost/scoped_ptr.hpp:14:0,
                 from /usr/include/boost/test/tree/fixture.hpp:23,
                 from /usr/include/boost/test/tree/decorator.hpp:22,
                 from /usr/include/boost/test/tree/test_unit.hpp:21,
                 from /usr/include/boost/test/impl/compiler_log_formatter.ipp:25,
                 from /usr/include/boost/test/included/unit_test.hpp:15,
                 from /home/gd0/Documents/workspace_dev/FizzBuzz_generic_v2/FizzBuzz_classes/tests/inputProperties.cpp:33:
/usr/include/boost/smart_ptr/scoped_ptr.hpp:127:31: note: candidate: template<class T> bool boost::operator==(const boost::scoped_ptr<T>&, boost::detail::sp_nullptr_t)
 template<class T> inline bool operator==( scoped_ptr<T> const & p, boost::detail::sp_nullptr_t ) BOOST_NOEXCEPT
                               ^~~~~~~~
/usr/include/boost/smart_ptr/scoped_ptr.hpp:127:31: note:   template argument deduction/substitution failed:
In file included from /usr/include/boost/test/test_tools.hpp:46:0,
                 from /usr/include/boost/test/unit_test.hpp:18,
                 from /usr/include/boost/test/included/unit_test.hpp:34,
                 from /home/gd0/Documents/workspace_dev/FizzBuzz_generic_v2/FizzBuzz_classes/tests/inputProperties.cpp:33:
/usr/include/boost/test/tools/old/impl.hpp:107:17: note:   ‘const std::__cxx11::basic_string<char>’ is not derived from ‘const boost::scoped_ptr<T>’
     return left == right;
            ~~~~~^~~~~~~~
In file included from /usr/include/boost/scoped_ptr.hpp:14:0,
                 from /usr/include/boost/test/tree/fixture.hpp:23,
                 from /usr/include/boost/test/tree/decorator.hpp:22,
                 from /usr/include/boost/test/tree/test_unit.hpp:21,
                 from /usr/include/boost/test/impl/compiler_log_formatter.ipp:25,
                 from /usr/include/boost/test/included/unit_test.hpp:15,
                 from /home/gd0/Documents/workspace_dev/FizzBuzz_generic_v2/FizzBuzz_classes/tests/inputProperties.cpp:33:
/usr/include/boost/smart_ptr/scoped_ptr.hpp:132:31: note: candidate: template<class T> bool boost::operator==(boost::detail::sp_nullptr_t, const boost::scoped_ptr<T>&)
 template<class T> inline bool operator==( boost::detail::sp_nullptr_t, scoped_ptr<T> const & p ) BOOST_NOEXCEPT
                               ^~~~~~~~
/usr/include/boost/smart_ptr/scoped_ptr.hpp:132:31: note:   template argument deduction/substitution failed:
In file included from /usr/include/boost/test/test_tools.hpp:46:0,
                 from /usr/include/boost/test/unit_test.hpp:18,
                 from /usr/include/boost/test/included/unit_test.hpp:34,
                 from /home/gd0/Documents/workspace_dev/FizzBuzz_generic_v2/FizzBuzz_classes/tests/inputProperties.cpp:33:
/usr/include/boost/test/tools/old/impl.hpp:107:17: note:   mismatched types ‘const boost::scoped_ptr<T>’ and ‘const int’
     return left == right;
            ~~~~~^~~~~~~~
In file included from /usr/include/boost/function/detail/maybe_include.hpp:18:0,
                 from /usr/include/boost/function/function1.hpp:11,
                 from /usr/include/boost/test/tree/decorator.hpp:32,
                 from /usr/include/boost/test/tree/test_unit.hpp:21,
                 from /usr/include/boost/test/impl/compiler_log_formatter.ipp:25,
                 from /usr/include/boost/test/included/unit_test.hpp:15,
                 from /home/gd0/Documents/workspace_dev/FizzBuzz_generic_v2/FizzBuzz_classes/tests/inputProperties.cpp:33:
/usr/include/boost/function/function_template.hpp:1029:8: note: candidate: template<class R, class T0> void boost::operator==(const boost::function1<R, T0>&, const boost::function1<R, T0>&)
   void operator==(const BOOST_FUNCTION_FUNCTION<
        ^~~~~~~~
/usr/include/boost/function/function_template.hpp:1029:8: note:   template argument deduction/substitution failed:
In file included from /usr/include/boost/test/test_tools.hpp:46:0,
                 from /usr/include/boost/test/unit_test.hpp:18,
                 from /usr/include/boost/test/included/unit_test.hpp:34,
                 from /home/gd0/Documents/workspace_dev/FizzBuzz_generic_v2/FizzBuzz_classes/tests/inputProperties.cpp:33:
/usr/include/boost/test/tools/old/impl.hpp:107:17: note:   ‘const std::__cxx11::basic_string<char>’ is not derived from ‘const boost::function1<R, T0>’
     return left == right;
            ~~~~~^~~~~~~~
In file included from /usr/include/boost/bind/bind.hpp:29:0,
                 from /usr/include/boost/bind.hpp:22,
                 from /usr/include/boost/test/impl/framework.ipp:48,
                 from /usr/include/boost/test/included/unit_test.hpp:18,
                 from /home/gd0/Documents/workspace_dev/FizzBuzz_generic_v2/FizzBuzz_classes/tests/inputProperties.cpp:33:
/usr/include/boost/bind/arg.hpp:41:40: note: candidate: template<int I> constexpr bool boost::operator==(const boost::arg<I>&, const boost::arg<I>&)
 template< int I > BOOST_CONSTEXPR bool operator==( arg<I> const &, arg<I> const & )
                                        ^~~~~~~~
/usr/include/boost/bind/arg.hpp:41:40: note:   template argument deduction/substitution failed:
In file included from /usr/include/boost/test/test_tools.hpp:46:0,
                 from /usr/include/boost/test/unit_test.hpp:18,
                 from /usr/include/boost/test/included/unit_test.hpp:34,
                 from /home/gd0/Documents/workspace_dev/FizzBuzz_generic_v2/FizzBuzz_classes/tests/inputProperties.cpp:33:
/usr/include/boost/test/tools/old/impl.hpp:107:17: note:   ‘const std::__cxx11::basic_string<char>’ is not derived from ‘const boost::arg<I>’
     return left == right;
            ~~~~~^~~~~~~~
In file included from /usr/include/boost/function/detail/maybe_include.hpp:23:0,
                 from /usr/include/boost/function/function2.hpp:11,
                 from /usr/include/boost/test/utils/runtime/argument_factory.hpp:28,
                 from /usr/include/boost/test/utils/runtime/parameter.hpp:22,
                 from /usr/include/boost/test/impl/unit_test_parameters.ipp:35,
                 from /usr/include/boost/test/included/unit_test.hpp:29,
                 from /home/gd0/Documents/workspace_dev/FizzBuzz_generic_v2/FizzBuzz_classes/tests/inputProperties.cpp:33:
/usr/include/boost/function/function_template.hpp:1029:8: note: candidate: template<class R, class T0, class T1> void boost::operator==(const boost::function2<R, T0, T1>&, const boost::function2<R, T0, T1>&)
   void operator==(const BOOST_FUNCTION_FUNCTION<
        ^~~~~~~~
/usr/include/boost/function/function_template.hpp:1029:8: note:   template argument deduction/substitution failed:
In file included from /usr/include/boost/test/test_tools.hpp:46:0,
                 from /usr/include/boost/test/unit_test.hpp:18,
                 from /usr/include/boost/test/included/unit_test.hpp:34,
                 from /home/gd0/Documents/workspace_dev/FizzBuzz_generic_v2/FizzBuzz_classes/tests/inputProperties.cpp:33:
/usr/include/boost/test/tools/old/impl.hpp:107:17: note:   ‘const std::__cxx11::basic_string<char>’ is not derived from ‘const boost::function2<R, T0, T1>’
     return left == right;
            ~~~~~^~~~~~~~
In file included from /usr/include/boost/optional.hpp:15:0,
                 from /usr/include/boost/test/impl/unit_test_parameters.ipp:45,
                 from /usr/include/boost/test/included/unit_test.hpp:29,
                 from /home/gd0/Documents/workspace_dev/FizzBuzz_generic_v2/FizzBuzz_classes/tests/inputProperties.cpp:33:
/usr/include/boost/optional/optional.hpp:1290:6: note: candidate: template<class T> bool boost::operator==(const boost::optional<T>&, const boost::optional<T>&)
 bool operator == ( optional<T> const& x, optional<T> const& y )
      ^~~~~~~~
/usr/include/boost/optional/optional.hpp:1290:6: note:   template argument deduction/substitution failed:
In file included from /usr/include/boost/test/test_tools.hpp:46:0,
                 from /usr/include/boost/test/unit_test.hpp:18,
                 from /usr/include/boost/test/included/unit_test.hpp:34,
                 from /home/gd0/Documents/workspace_dev/FizzBuzz_generic_v2/FizzBuzz_classes/tests/inputProperties.cpp:33:
/usr/include/boost/test/tools/old/impl.hpp:107:17: note:   ‘const std::__cxx11::basic_string<char>’ is not derived from ‘const boost::optional<T>’
     return left == right;
            ~~~~~^~~~~~~~
In file included from /usr/include/boost/optional.hpp:15:0,
                 from /usr/include/boost/test/impl/unit_test_parameters.ipp:45,
                 from /usr/include/boost/test/included/unit_test.hpp:29,
                 from /home/gd0/Documents/workspace_dev/FizzBuzz_generic_v2/FizzBuzz_classes/tests/inputProperties.cpp:33:
/usr/include/boost/optional/optional.hpp:1324:6: note: candidate: template<class T> bool boost::operator==(const boost::optional<T>&, const T&)
 bool operator == ( optional<T> const& x, T const& y )
      ^~~~~~~~
/usr/include/boost/optional/optional.hpp:1324:6: note:   template argument deduction/substitution failed:
In file included from /usr/include/boost/test/test_tools.hpp:46:0,
                 from /usr/include/boost/test/unit_test.hpp:18,
                 from /usr/include/boost/test/included/unit_test.hpp:34,
                 from /home/gd0/Documents/workspace_dev/FizzBuzz_generic_v2/FizzBuzz_classes/tests/inputProperties.cpp:33:
/usr/include/boost/test/tools/old/impl.hpp:107:17: note:   ‘const std::__cxx11::basic_string<char>’ is not derived from ‘const boost::optional<T>’
     return left == right;
            ~~~~~^~~~~~~~
In file included from /usr/include/boost/optional.hpp:15:0,
                 from /usr/include/boost/test/impl/unit_test_parameters.ipp:45,
                 from /usr/include/boost/test/included/unit_test.hpp:29,
                 from /home/gd0/Documents/workspace_dev/FizzBuzz_generic_v2/FizzBuzz_classes/tests/inputProperties.cpp:33:
/usr/include/boost/optional/optional.hpp:1358:6: note: candidate: template<class T> bool boost::operator==(const T&, const boost::optional<T>&)
 bool operator == ( T const& x, optional<T> const& y )
      ^~~~~~~~
/usr/include/boost/optional/optional.hpp:1358:6: note:   template argument deduction/substitution failed:
In file included from /usr/include/boost/test/test_tools.hpp:46:0,
                 from /usr/include/boost/test/unit_test.hpp:18,
                 from /usr/include/boost/test/included/unit_test.hpp:34,
                 from /home/gd0/Documents/workspace_dev/FizzBuzz_generic_v2/FizzBuzz_classes/tests/inputProperties.cpp:33:
/usr/include/boost/test/tools/old/impl.hpp:107:17: note:   mismatched types ‘const boost::optional<T>’ and ‘const int’
     return left == right;
            ~~~~~^~~~~~~~
In file included from /usr/include/boost/optional.hpp:15:0,
                 from /usr/include/boost/test/impl/unit_test_parameters.ipp:45,
                 from /usr/include/boost/test/included/unit_test.hpp:29,
                 from /home/gd0/Documents/workspace_dev/FizzBuzz_generic_v2/FizzBuzz_classes/tests/inputProperties.cpp:33:
/usr/include/boost/optional/optional.hpp:1393:6: note: candidate: template<class T> bool boost::operator==(const boost::optional<T>&, boost::none_t)
 bool operator == ( optional<T> const& x, none_t ) BOOST_NOEXCEPT
      ^~~~~~~~
/usr/include/boost/optional/optional.hpp:1393:6: note:   template argument deduction/substitution failed:
In file included from /usr/include/boost/test/test_tools.hpp:46:0,
                 from /usr/include/boost/test/unit_test.hpp:18,
                 from /usr/include/boost/test/included/unit_test.hpp:34,
                 from /home/gd0/Documents/workspace_dev/FizzBuzz_generic_v2/FizzBuzz_classes/tests/inputProperties.cpp:33:
/usr/include/boost/test/tools/old/impl.hpp:107:17: note:   ‘const std::__cxx11::basic_string<char>’ is not derived from ‘const boost::optional<T>’
     return left == right;
            ~~~~~^~~~~~~~
In file included from /usr/include/boost/optional.hpp:15:0,
                 from /usr/include/boost/test/impl/unit_test_parameters.ipp:45,
                 from /usr/include/boost/test/included/unit_test.hpp:29,
                 from /home/gd0/Documents/workspace_dev/FizzBuzz_generic_v2/FizzBuzz_classes/tests/inputProperties.cpp:33:
/usr/include/boost/optional/optional.hpp:1427:6: note: candidate: template<class T> bool boost::operator==(boost::none_t, const boost::optional<T>&)
 bool operator == ( none_t , optional<T> const& y ) BOOST_NOEXCEPT
      ^~~~~~~~
/usr/include/boost/optional/optional.hpp:1427:6: note:   template argument deduction/substitution failed:
In file included from /usr/include/boost/test/test_tools.hpp:46:0,
                 from /usr/include/boost/test/unit_test.hpp:18,
                 from /usr/include/boost/test/included/unit_test.hpp:34,
                 from /home/gd0/Documents/workspace_dev/FizzBuzz_generic_v2/FizzBuzz_classes/tests/inputProperties.cpp:33:
/usr/include/boost/test/tools/old/impl.hpp:107:17: note:   mismatched types ‘const boost::optional<T>’ and ‘const int’
     return left == right;
            ~~~~~^~~~~~~~
In file included from /usr/include/c++/6.4.1/unordered_map:48:0,
                 from /home/gd0/Documents/workspace_dev/FizzBuzz_generic_v2/FizzBuzz_classes/inputProperties.h:40,
                 from /home/gd0/Documents/workspace_dev/FizzBuzz_generic_v2/FizzBuzz_classes/tests/inputProperties.cpp:35:
/usr/include/c++/6.4.1/bits/unordered_map.h:1780:5: note: candidate: template<class _Key, class _Tp, class _Hash, class _Pred, class _Alloc> bool std::operator==(const std::unordered_multimap<_Key, _Tp, _Hash, _Pred, _Alloc>&, const std::unordered_multimap<_Key, _Tp, _Hash, _Pred, _Alloc>&)
     operator==(const unordered_multimap<_Key, _Tp, _Hash, _Pred, _Alloc>& __x,
     ^~~~~~~~
/usr/include/c++/6.4.1/bits/unordered_map.h:1780:5: note:   template argument deduction/substitution failed:
In file included from /usr/include/boost/test/test_tools.hpp:46:0,
                 from /usr/include/boost/test/unit_test.hpp:18,
                 from /usr/include/boost/test/included/unit_test.hpp:34,
                 from /home/gd0/Documents/workspace_dev/FizzBuzz_generic_v2/FizzBuzz_classes/tests/inputProperties.cpp:33:
/usr/include/boost/test/tools/old/impl.hpp:107:17: note:   ‘const std::__cxx11::basic_string<char>’ is not derived from ‘const std::unordered_multimap<_Key, _Tp, _Hash, _Pred, _Alloc>’
     return left == right;
            ~~~~~^~~~~~~~
In file included from /usr/include/c++/6.4.1/unordered_map:48:0,
                 from /home/gd0/Documents/workspace_dev/FizzBuzz_generic_v2/FizzBuzz_classes/inputProperties.h:40,
                 from /home/gd0/Documents/workspace_dev/FizzBuzz_generic_v2/FizzBuzz_classes/tests/inputProperties.cpp:35:
/usr/include/c++/6.4.1/bits/unordered_map.h:1768:5: note: candidate: template<class _Key, class _Tp, class _Hash, class _Pred, class _Alloc> bool std::operator==(const std::unordered_map<_Key, _Tp, _Hash, _Pred, _Alloc>&, const std::unordered_map<_Key, _Tp, _Hash, _Pred, _Alloc>&)
     operator==(const unordered_map<_Key, _Tp, _Hash, _Pred, _Alloc>& __x,
     ^~~~~~~~
/usr/include/c++/6.4.1/bits/unordered_map.h:1768:5: note:   template argument deduction/substitution failed:
In file included from /usr/include/boost/test/test_tools.hpp:46:0,
                 from /usr/include/boost/test/unit_test.hpp:18,
                 from /usr/include/boost/test/included/unit_test.hpp:34,
                 from /home/gd0/Documents/workspace_dev/FizzBuzz_generic_v2/FizzBuzz_classes/tests/inputProperties.cpp:33:
/usr/include/boost/test/tools/old/impl.hpp:107:17: note:   ‘const std::__cxx11::basic_string<char>’ is not derived from ‘const std::unordered_map<_Key, _Tp, _Hash, _Pred, _Alloc>’
     return left == right;
            ~~~~~^~~~~~~~
In file included from /usr/include/c++/6.4.1/list:63:0,
                 from /usr/include/boost/test/tree/auto_registration.hpp:24,
                 from /usr/include/boost/test/impl/test_tree.ipp:25,
                 from /usr/include/boost/test/included/unit_test.hpp:25,
                 from /home/gd0/Documents/workspace_dev/FizzBuzz_generic_v2/FizzBuzz_classes/tests/inputProperties.cpp:33:
/usr/include/c++/6.4.1/bits/stl_list.h:1853:5: note: candidate: template<class _Tp, class _Alloc> bool std::operator==(const std::__cxx11::list<_Tp, _Alloc>&, const std::__cxx11::list<_Tp, _Alloc>&)
     operator==(const list<_Tp, _Alloc>& __x, const list<_Tp, _Alloc>& __y)
     ^~~~~~~~
/usr/include/c++/6.4.1/bits/stl_list.h:1853:5: note:   template argument deduction/substitution failed:
In file included from /usr/include/boost/test/test_tools.hpp:46:0,
                 from /usr/include/boost/test/unit_test.hpp:18,
                 from /usr/include/boost/test/included/unit_test.hpp:34,
                 from /home/gd0/Documents/workspace_dev/FizzBuzz_generic_v2/FizzBuzz_classes/tests/inputProperties.cpp:33:
/usr/include/boost/test/tools/old/impl.hpp:107:17: note:   ‘const std::__cxx11::basic_string<char>’ is not derived from ‘const std::__cxx11::list<_Tp, _Alloc>’
     return left == right;
            ~~~~~^~~~~~~~
In file included from /usr/include/c++/6.4.1/list:63:0,
                 from /usr/include/boost/test/tree/auto_registration.hpp:24,
                 from /usr/include/boost/test/impl/test_tree.ipp:25,
                 from /usr/include/boost/test/included/unit_test.hpp:25,
                 from /home/gd0/Documents/workspace_dev/FizzBuzz_generic_v2/FizzBuzz_classes/tests/inputProperties.cpp:33:
/usr/include/c++/6.4.1/bits/stl_list.h:287:5: note: candidate: template<class _Val> bool std::operator==(const std::_List_iterator<_Tp>&, const std::_List_const_iterator<_Tp>&)
     operator==(const _List_iterator<_Val>& __x,
     ^~~~~~~~
/usr/include/c++/6.4.1/bits/stl_list.h:287:5: note:   template argument deduction/substitution failed:
In file included from /usr/include/boost/test/test_tools.hpp:46:0,
                 from /usr/include/boost/test/unit_test.hpp:18,
                 from /usr/include/boost/test/included/unit_test.hpp:34,
                 from /home/gd0/Documents/workspace_dev/FizzBuzz_generic_v2/FizzBuzz_classes/tests/inputProperties.cpp:33:
/usr/include/boost/test/tools/old/impl.hpp:107:17: note:   ‘const std::__cxx11::basic_string<char>’ is not derived from ‘const std::_List_iterator<_Tp>’
     return left == right;
            ~~~~~^~~~~~~~
In file included from /usr/include/c++/6.4.1/set:62:0,
                 from /usr/include/boost/test/impl/framework.ipp:53,
                 from /usr/include/boost/test/included/unit_test.hpp:18,
                 from /home/gd0/Documents/workspace_dev/FizzBuzz_generic_v2/FizzBuzz_classes/tests/inputProperties.cpp:33:
/usr/include/c++/6.4.1/bits/stl_multiset.h:823:5: note: candidate: template<class _Key, class _Compare, class _Alloc> bool std::operator==(const std::multiset<_Key, _Compare, _Alloc>&, const std::multiset<_Key, _Compare, _Alloc>&)
     operator==(const multiset<_Key, _Compare, _Alloc>& __x,
     ^~~~~~~~
/usr/include/c++/6.4.1/bits/stl_multiset.h:823:5: note:   template argument deduction/substitution failed:
In file included from /usr/include/boost/test/test_tools.hpp:46:0,
                 from /usr/include/boost/test/unit_test.hpp:18,
                 from /usr/include/boost/test/included/unit_test.hpp:34,
                 from /home/gd0/Documents/workspace_dev/FizzBuzz_generic_v2/FizzBuzz_classes/tests/inputProperties.cpp:33:
/usr/include/boost/test/tools/old/impl.hpp:107:17: note:   ‘const std::__cxx11::basic_string<char>’ is not derived from ‘const std::multiset<_Key, _Compare, _Alloc>’
     return left == right;
            ~~~~~^~~~~~~~
In file included from /usr/include/c++/6.4.1/set:61:0,
                 from /usr/include/boost/test/impl/framework.ipp:53,
                 from /usr/include/boost/test/included/unit_test.hpp:18,
                 from /home/gd0/Documents/workspace_dev/FizzBuzz_generic_v2/FizzBuzz_classes/tests/inputProperties.cpp:33:
/usr/include/c++/6.4.1/bits/stl_set.h:840:5: note: candidate: template<class _Key, class _Compare, class _Alloc> bool std::operator==(const std::set<_Key, _Compare, _Alloc>&, const std::set<_Key, _Compare, _Alloc>&)
     operator==(const set<_Key, _Compare, _Alloc>& __x,
     ^~~~~~~~
/usr/include/c++/6.4.1/bits/stl_set.h:840:5: note:   template argument deduction/substitution failed:
In file included from /usr/include/boost/test/test_tools.hpp:46:0,
                 from /usr/include/boost/test/unit_test.hpp:18,
                 from /usr/include/boost/test/included/unit_test.hpp:34,
                 from /home/gd0/Documents/workspace_dev/FizzBuzz_generic_v2/FizzBuzz_classes/tests/inputProperties.cpp:33:
/usr/include/boost/test/tools/old/impl.hpp:107:17: note:   ‘const std::__cxx11::basic_string<char>’ is not derived from ‘const std::set<_Key, _Compare, _Alloc>’
     return left == right;
            ~~~~~^~~~~~~~
In file included from /usr/include/c++/6.4.1/vector:64:0,
                 from /usr/include/boost/test/utils/runtime/errors.hpp:29,
                 from /usr/include/boost/test/utils/runtime/argument.hpp:20,
                 from /usr/include/boost/test/unit_test_parameters.hpp:19,
                 from /usr/include/boost/test/impl/compiler_log_formatter.ipp:23,
                 from /usr/include/boost/test/included/unit_test.hpp:15,
                 from /home/gd0/Documents/workspace_dev/FizzBuzz_generic_v2/FizzBuzz_classes/tests/inputProperties.cpp:33:
/usr/include/c++/6.4.1/bits/stl_vector.h:1509:5: note: candidate: template<class _Tp, class _Alloc> bool std::operator==(const std::vector<_Tp, _Alloc>&, const std::vector<_Tp, _Alloc>&)
     operator==(const vector<_Tp, _Alloc>& __x, const vector<_Tp, _Alloc>& __y)
     ^~~~~~~~
/usr/include/c++/6.4.1/bits/stl_vector.h:1509:5: note:   template argument deduction/substitution failed:
In file included from /usr/include/boost/test/test_tools.hpp:46:0,
                 from /usr/include/boost/test/unit_test.hpp:18,
                 from /usr/include/boost/test/included/unit_test.hpp:34,
                 from /home/gd0/Documents/workspace_dev/FizzBuzz_generic_v2/FizzBuzz_classes/tests/inputProperties.cpp:33:
/usr/include/boost/test/tools/old/impl.hpp:107:17: note:   ‘const std::__cxx11::basic_string<char>’ is not derived from ‘const std::vector<_Tp, _Alloc>’
     return left == right;
            ~~~~~^~~~~~~~
In file included from /usr/include/c++/6.4.1/map:62:0,
                 from /usr/include/boost/test/utils/runtime/fwd.hpp:27,
                 from /usr/include/boost/test/utils/runtime/argument.hpp:19,
                 from /usr/include/boost/test/unit_test_parameters.hpp:19,
                 from /usr/include/boost/test/impl/compiler_log_formatter.ipp:23,
                 from /usr/include/boost/test/included/unit_test.hpp:15,
                 from /home/gd0/Documents/workspace_dev/FizzBuzz_generic_v2/FizzBuzz_classes/tests/inputProperties.cpp:33:
/usr/include/c++/6.4.1/bits/stl_multimap.h:976:5: note: candidate: template<class _Key, class _Tp, class _Compare, class _Alloc> bool std::operator==(const std::multimap<_Key, _Tp, _Compare, _Alloc>&, const std::multimap<_Key, _Tp, _Compare, _Alloc>&)
     operator==(const multimap<_Key, _Tp, _Compare, _Alloc>& __x,
     ^~~~~~~~
/usr/include/c++/6.4.1/bits/stl_multimap.h:976:5: note:   template argument deduction/substitution failed:
In file included from /usr/include/boost/test/test_tools.hpp:46:0,
                 from /usr/include/boost/test/unit_test.hpp:18,
                 from /usr/include/boost/test/included/unit_test.hpp:34,
                 from /home/gd0/Documents/workspace_dev/FizzBuzz_generic_v2/FizzBuzz_classes/tests/inputProperties.cpp:33:
/usr/include/boost/test/tools/old/impl.hpp:107:17: note:   ‘const std::__cxx11::basic_string<char>’ is not derived from ‘const std::multimap<_Key, _Tp, _Compare, _Alloc>’
     return left == right;
            ~~~~~^~~~~~~~
In file included from /usr/include/c++/6.4.1/map:61:0,
                 from /usr/include/boost/test/utils/runtime/fwd.hpp:27,
                 from /usr/include/boost/test/utils/runtime/argument.hpp:19,
                 from /usr/include/boost/test/unit_test_parameters.hpp:19,
                 from /usr/include/boost/test/impl/compiler_log_formatter.ipp:23,
                 from /usr/include/boost/test/included/unit_test.hpp:15,
                 from /home/gd0/Documents/workspace_dev/FizzBuzz_generic_v2/FizzBuzz_classes/tests/inputProperties.cpp:33:
/usr/include/c++/6.4.1/bits/stl_map.h:1311:5: note: candidate: template<class _Key, class _Tp, class _Compare, class _Alloc> bool std::operator==(const std::map<_Key, _Tp, _Compare, _Alloc>&, const std::map<_Key, _Tp, _Compare, _Alloc>&)
     operator==(const map<_Key, _Tp, _Compare, _Alloc>& __x,
     ^~~~~~~~
/usr/include/c++/6.4.1/bits/stl_map.h:1311:5: note:   template argument deduction/substitution failed:
In file included from /usr/include/boost/test/test_tools.hpp:46:0,
                 from /usr/include/boost/test/unit_test.hpp:18,
                 from /usr/include/boost/test/included/unit_test.hpp:34,
                 from /home/gd0/Documents/workspace_dev/FizzBuzz_generic_v2/FizzBuzz_classes/tests/inputProperties.cpp:33:
/usr/include/boost/test/tools/old/impl.hpp:107:17: note:   ‘const std::__cxx11::basic_string<char>’ is not derived from ‘const std::map<_Key, _Tp, _Compare, _Alloc>’
     return left == right;
            ~~~~~^~~~~~~~
In file included from /usr/include/c++/6.4.1/map:60:0,
                 from /usr/include/boost/test/utils/runtime/fwd.hpp:27,
                 from /usr/include/boost/test/utils/runtime/argument.hpp:19,
                 from /usr/include/boost/test/unit_test_parameters.hpp:19,
                 from /usr/include/boost/test/impl/compiler_log_formatter.ipp:23,
                 from /usr/include/boost/test/included/unit_test.hpp:15,
                 from /home/gd0/Documents/workspace_dev/FizzBuzz_generic_v2/FizzBuzz_classes/tests/inputProperties.cpp:33:
/usr/include/c++/6.4.1/bits/stl_tree.h:1282:5: note: candidate: template<class _Key, class _Val, class _KeyOfValue, class _Compare, class _Alloc> bool std::operator==(const std::_Rb_tree<_Key, _Val, _KeyOfValue, _Compare, _Alloc>&, const std::_Rb_tree<_Key, _Val, _KeyOfValue, _Compare, _Alloc>&)
     operator==(const _Rb_tree<_Key, _Val, _KeyOfValue, _Compare, _Alloc>& __x,
     ^~~~~~~~
/usr/include/c++/6.4.1/bits/stl_tree.h:1282:5: note:   template argument deduction/substitution failed:
In file included from /usr/include/boost/test/test_tools.hpp:46:0,
                 from /usr/include/boost/test/unit_test.hpp:18,
                 from /usr/include/boost/test/included/unit_test.hpp:34,
                 from /home/gd0/Documents/workspace_dev/FizzBuzz_generic_v2/FizzBuzz_classes/tests/inputProperties.cpp:33:
/usr/include/boost/test/tools/old/impl.hpp:107:17: note:   ‘const std::__cxx11::basic_string<char>’ is not derived from ‘const std::_Rb_tree<_Key, _Val, _KeyOfValue, _Compare, _Alloc>’
     return left == right;
            ~~~~~^~~~~~~~
In file included from /usr/include/c++/6.4.1/map:60:0,
                 from /usr/include/boost/test/utils/runtime/fwd.hpp:27,
                 from /usr/include/boost/test/utils/runtime/argument.hpp:19,
                 from /usr/include/boost/test/unit_test_parameters.hpp:19,
                 from /usr/include/boost/test/impl/compiler_log_formatter.ipp:23,
                 from /usr/include/boost/test/included/unit_test.hpp:15,
                 from /home/gd0/Documents/workspace_dev/FizzBuzz_generic_v2/FizzBuzz_classes/tests/inputProperties.cpp:33:
/usr/include/c++/6.4.1/bits/stl_tree.h:328:5: note: candidate: template<class _Val> bool std::operator==(const std::_Rb_tree_iterator<_Tp>&, const std::_Rb_tree_const_iterator<_Val>&)
     operator==(const _Rb_tree_iterator<_Val>& __x,
     ^~~~~~~~
/usr/include/c++/6.4.1/bits/stl_tree.h:328:5: note:   template argument deduction/substitution failed:
In file included from /usr/include/boost/test/test_tools.hpp:46:0,
                 from /usr/include/boost/test/unit_test.hpp:18,
                 from /usr/include/boost/test/included/unit_test.hpp:34,
                 from /home/gd0/Documents/workspace_dev/FizzBuzz_generic_v2/FizzBuzz_classes/tests/inputProperties.cpp:33:
/usr/include/boost/test/tools/old/impl.hpp:107:17: note:   ‘const std::__cxx11::basic_string<char>’ is not derived from ‘const std::_Rb_tree_iterator<_Tp>’
     return left == right;
            ~~~~~^~~~~~~~
In file included from /usr/include/c++/6.4.1/memory:82:0,
                 from /usr/include/boost/config/no_tr1/memory.hpp:21,
                 from /usr/include/boost/smart_ptr/shared_ptr.hpp:23,
                 from /usr/include/boost/shared_ptr.hpp:17,
                 from /usr/include/boost/test/execution_monitor.hpp:24,
                 from /usr/include/boost/test/impl/compiler_log_formatter.ipp:22,
                 from /usr/include/boost/test/included/unit_test.hpp:15,
                 from /home/gd0/Documents/workspace_dev/FizzBuzz_generic_v2/FizzBuzz_classes/tests/inputProperties.cpp:33:
/usr/include/c++/6.4.1/bits/shared_ptr.h:347:5: note: candidate: template<class _Tp> bool std::operator==(std::nullptr_t, const std::shared_ptr<_Tp1>&)
     operator==(nullptr_t, const shared_ptr<_Tp>& __a) noexcept
     ^~~~~~~~
/usr/include/c++/6.4.1/bits/shared_ptr.h:347:5: note:   template argument deduction/substitution failed:
In file included from /usr/include/boost/test/test_tools.hpp:46:0,
                 from /usr/include/boost/test/unit_test.hpp:18,
                 from /usr/include/boost/test/included/unit_test.hpp:34,
                 from /home/gd0/Documents/workspace_dev/FizzBuzz_generic_v2/FizzBuzz_classes/tests/inputProperties.cpp:33:
/usr/include/boost/test/tools/old/impl.hpp:107:17: note:   mismatched types ‘const std::shared_ptr<_Tp1>’ and ‘const int’
     return left == right;
            ~~~~~^~~~~~~~
In file included from /usr/include/c++/6.4.1/memory:82:0,
                 from /usr/include/boost/config/no_tr1/memory.hpp:21,
                 from /usr/include/boost/smart_ptr/shared_ptr.hpp:23,
                 from /usr/include/boost/shared_ptr.hpp:17,
                 from /usr/include/boost/test/execution_monitor.hpp:24,
                 from /usr/include/boost/test/impl/compiler_log_formatter.ipp:22,
                 from /usr/include/boost/test/included/unit_test.hpp:15,
                 from /home/gd0/Documents/workspace_dev/FizzBuzz_generic_v2/FizzBuzz_classes/tests/inputProperties.cpp:33:
/usr/include/c++/6.4.1/bits/shared_ptr.h:342:5: note: candidate: template<class _Tp> bool std::operator==(const std::shared_ptr<_Tp1>&, std::nullptr_t)
     operator==(const shared_ptr<_Tp>& __a, nullptr_t) noexcept
     ^~~~~~~~
/usr/include/c++/6.4.1/bits/shared_ptr.h:342:5: note:   template argument deduction/substitution failed:
In file included from /usr/include/boost/test/test_tools.hpp:46:0,
                 from /usr/include/boost/test/unit_test.hpp:18,
                 from /usr/include/boost/test/included/unit_test.hpp:34,
                 from /home/gd0/Documents/workspace_dev/FizzBuzz_generic_v2/FizzBuzz_classes/tests/inputProperties.cpp:33:
/usr/include/boost/test/tools/old/impl.hpp:107:17: note:   ‘const std::__cxx11::basic_string<char>’ is not derived from ‘const std::shared_ptr<_Tp1>’
     return left == right;
            ~~~~~^~~~~~~~
In file included from /usr/include/c++/6.4.1/memory:82:0,
                 from /usr/include/boost/config/no_tr1/memory.hpp:21,
                 from /usr/include/boost/smart_ptr/shared_ptr.hpp:23,
                 from /usr/include/boost/shared_ptr.hpp:17,
                 from /usr/include/boost/test/execution_monitor.hpp:24,
                 from /usr/include/boost/test/impl/compiler_log_formatter.ipp:22,
                 from /usr/include/boost/test/included/unit_test.hpp:15,
                 from /home/gd0/Documents/workspace_dev/FizzBuzz_generic_v2/FizzBuzz_classes/tests/inputProperties.cpp:33:
/usr/include/c++/6.4.1/bits/shared_ptr.h:336:5: note: candidate: template<class _Tp1, class _Tp2> bool std::operator==(const std::shared_ptr<_Tp1>&, const std::shared_ptr<_Tp2>&)
     operator==(const shared_ptr<_Tp1>& __a,
     ^~~~~~~~
/usr/include/c++/6.4.1/bits/shared_ptr.h:336:5: note:   template argument deduction/substitution failed:
In file included from /usr/include/boost/test/test_tools.hpp:46:0,
                 from /usr/include/boost/test/unit_test.hpp:18,
                 from /usr/include/boost/test/included/unit_test.hpp:34,
                 from /home/gd0/Documents/workspace_dev/FizzBuzz_generic_v2/FizzBuzz_classes/tests/inputProperties.cpp:33:
/usr/include/boost/test/tools/old/impl.hpp:107:17: note:   ‘const std::__cxx11::basic_string<char>’ is not derived from ‘const std::shared_ptr<_Tp1>’
     return left == right;
            ~~~~~^~~~~~~~
In file included from /usr/include/c++/6.4.1/bits/shared_ptr.h:52:0,
                 from /usr/include/c++/6.4.1/memory:82,
                 from /usr/include/boost/config/no_tr1/memory.hpp:21,
                 from /usr/include/boost/smart_ptr/shared_ptr.hpp:23,
                 from /usr/include/boost/shared_ptr.hpp:17,
                 from /usr/include/boost/test/execution_monitor.hpp:24,
                 from /usr/include/boost/test/impl/compiler_log_formatter.ipp:22,
                 from /usr/include/boost/test/included/unit_test.hpp:15,
                 from /home/gd0/Documents/workspace_dev/FizzBuzz_generic_v2/FizzBuzz_classes/tests/inputProperties.cpp:33:
/usr/include/c++/6.4.1/bits/shared_ptr_base.h:1197:5: note: candidate: template<class _Tp, __gnu_cxx::_Lock_policy _Lp> bool std::operator==(std::nullptr_t, const std::__shared_ptr<_Tp, _Lp>&)
     operator==(nullptr_t, const __shared_ptr<_Tp, _Lp>& __a) noexcept
     ^~~~~~~~
/usr/include/c++/6.4.1/bits/shared_ptr_base.h:1197:5: note:   template argument deduction/substitution failed:
In file included from /usr/include/boost/test/test_tools.hpp:46:0,
                 from /usr/include/boost/test/unit_test.hpp:18,
                 from /usr/include/boost/test/included/unit_test.hpp:34,
                 from /home/gd0/Documents/workspace_dev/FizzBuzz_generic_v2/FizzBuzz_classes/tests/inputProperties.cpp:33:
/usr/include/boost/test/tools/old/impl.hpp:107:17: note:   mismatched types ‘const std::__shared_ptr<_Tp, _Lp>’ and ‘const int’
     return left == right;
            ~~~~~^~~~~~~~
In file included from /usr/include/c++/6.4.1/bits/shared_ptr.h:52:0,
                 from /usr/include/c++/6.4.1/memory:82,
                 from /usr/include/boost/config/no_tr1/memory.hpp:21,
                 from /usr/include/boost/smart_ptr/shared_ptr.hpp:23,
                 from /usr/include/boost/shared_ptr.hpp:17,
                 from /usr/include/boost/test/execution_monitor.hpp:24,
                 from /usr/include/boost/test/impl/compiler_log_formatter.ipp:22,
                 from /usr/include/boost/test/included/unit_test.hpp:15,
                 from /home/gd0/Documents/workspace_dev/FizzBuzz_generic_v2/FizzBuzz_classes/tests/inputProperties.cpp:33:
/usr/include/c++/6.4.1/bits/shared_ptr_base.h:1192:5: note: candidate: template<class _Tp, __gnu_cxx::_Lock_policy _Lp> bool std::operator==(const std::__shared_ptr<_Tp, _Lp>&, std::nullptr_t)
     operator==(const __shared_ptr<_Tp, _Lp>& __a, nullptr_t) noexcept
     ^~~~~~~~
/usr/include/c++/6.4.1/bits/shared_ptr_base.h:1192:5: note:   template argument deduction/substitution failed:
In file included from /usr/include/boost/test/test_tools.hpp:46:0,
                 from /usr/include/boost/test/unit_test.hpp:18,
                 from /usr/include/boost/test/included/unit_test.hpp:34,
                 from /home/gd0/Documents/workspace_dev/FizzBuzz_generic_v2/FizzBuzz_classes/tests/inputProperties.cpp:33:
/usr/include/boost/test/tools/old/impl.hpp:107:17: note:   ‘const std::__cxx11::basic_string<char>’ is not derived from ‘const std::__shared_ptr<_Tp, _Lp>’
     return left == right;
            ~~~~~^~~~~~~~
In file included from /usr/include/c++/6.4.1/bits/shared_ptr.h:52:0,
                 from /usr/include/c++/6.4.1/memory:82,
                 from /usr/include/boost/config/no_tr1/memory.hpp:21,
                 from /usr/include/boost/smart_ptr/shared_ptr.hpp:23,
                 from /usr/include/boost/shared_ptr.hpp:17,
                 from /usr/include/boost/test/execution_monitor.hpp:24,
                 from /usr/include/boost/test/impl/compiler_log_formatter.ipp:22,
                 from /usr/include/boost/test/included/unit_test.hpp:15,
                 from /home/gd0/Documents/workspace_dev/FizzBuzz_generic_v2/FizzBuzz_classes/tests/inputProperties.cpp:33:
/usr/include/c++/6.4.1/bits/shared_ptr_base.h:1186:5: note: candidate: template<class _Tp1, class _Tp2, __gnu_cxx::_Lock_policy _Lp> bool std::operator==(const std::__shared_ptr<_Tp1, _Lp>&, const std::__shared_ptr<_Tp2, _Lp>&)
     operator==(const __shared_ptr<_Tp1, _Lp>& __a,
     ^~~~~~~~
/usr/include/c++/6.4.1/bits/shared_ptr_base.h:1186:5: note:   template argument deduction/substitution failed:
In file included from /usr/include/boost/test/test_tools.hpp:46:0,
                 from /usr/include/boost/test/unit_test.hpp:18,
                 from /usr/include/boost/test/included/unit_test.hpp:34,
                 from /home/gd0/Documents/workspace_dev/FizzBuzz_generic_v2/FizzBuzz_classes/tests/inputProperties.cpp:33:
/usr/include/boost/test/tools/old/impl.hpp:107:17: note:   ‘const std::__cxx11::basic_string<char>’ is not derived from ‘const std::__shared_ptr<_Tp1, _Lp>’
     return left == right;
            ~~~~~^~~~~~~~
In file included from /usr/include/c++/6.4.1/memory:81:0,
                 from /usr/include/boost/config/no_tr1/memory.hpp:21,
                 from /usr/include/boost/smart_ptr/shared_ptr.hpp:23,
                 from /usr/include/boost/shared_ptr.hpp:17,
                 from /usr/include/boost/test/execution_monitor.hpp:24,
                 from /usr/include/boost/test/impl/compiler_log_formatter.ipp:22,
                 from /usr/include/boost/test/included/unit_test.hpp:15,
                 from /home/gd0/Documents/workspace_dev/FizzBuzz_generic_v2/FizzBuzz_classes/tests/inputProperties.cpp:33:
/usr/include/c++/6.4.1/bits/unique_ptr.h:661:5: note: candidate: template<class _Tp, class _Dp> bool std::operator==(std::nullptr_t, const std::unique_ptr<_Tp, _Dp>&)
     operator==(nullptr_t, const unique_ptr<_Tp, _Dp>& __x) noexcept
     ^~~~~~~~
/usr/include/c++/6.4.1/bits/unique_ptr.h:661:5: note:   template argument deduction/substitution failed:
In file included from /usr/include/boost/test/test_tools.hpp:46:0,
                 from /usr/include/boost/test/unit_test.hpp:18,
                 from /usr/include/boost/test/included/unit_test.hpp:34,
                 from /home/gd0/Documents/workspace_dev/FizzBuzz_generic_v2/FizzBuzz_classes/tests/inputProperties.cpp:33:
/usr/include/boost/test/tools/old/impl.hpp:107:17: note:   mismatched types ‘const std::unique_ptr<_Tp, _Dp>’ and ‘const int’
     return left == right;
            ~~~~~^~~~~~~~
In file included from /usr/include/c++/6.4.1/memory:81:0,
                 from /usr/include/boost/config/no_tr1/memory.hpp:21,
                 from /usr/include/boost/smart_ptr/shared_ptr.hpp:23,
                 from /usr/include/boost/shared_ptr.hpp:17,
                 from /usr/include/boost/test/execution_monitor.hpp:24,
                 from /usr/include/boost/test/impl/compiler_log_formatter.ipp:22,
                 from /usr/include/boost/test/included/unit_test.hpp:15,
                 from /home/gd0/Documents/workspace_dev/FizzBuzz_generic_v2/FizzBuzz_classes/tests/inputProperties.cpp:33:
/usr/include/c++/6.4.1/bits/unique_ptr.h:656:5: note: candidate: template<class _Tp, class _Dp> bool std::operator==(const std::unique_ptr<_Tp, _Dp>&, std::nullptr_t)
     operator==(const unique_ptr<_Tp, _Dp>& __x, nullptr_t) noexcept
     ^~~~~~~~
/usr/include/c++/6.4.1/bits/unique_ptr.h:656:5: note:   template argument deduction/substitution failed:
In file included from /usr/include/boost/test/test_tools.hpp:46:0,
                 from /usr/include/boost/test/unit_test.hpp:18,
                 from /usr/include/boost/test/included/unit_test.hpp:34,
                 from /home/gd0/Documents/workspace_dev/FizzBuzz_generic_v2/FizzBuzz_classes/tests/inputProperties.cpp:33:
/usr/include/boost/test/tools/old/impl.hpp:107:17: note:   ‘const std::__cxx11::basic_string<char>’ is not derived from ‘const std::unique_ptr<_Tp, _Dp>’
     return left == right;
            ~~~~~^~~~~~~~
In file included from /usr/include/c++/6.4.1/memory:81:0,
                 from /usr/include/boost/config/no_tr1/memory.hpp:21,
                 from /usr/include/boost/smart_ptr/shared_ptr.hpp:23,
                 from /usr/include/boost/shared_ptr.hpp:17,
                 from /usr/include/boost/test/execution_monitor.hpp:24,
                 from /usr/include/boost/test/impl/compiler_log_formatter.ipp:22,
                 from /usr/include/boost/test/included/unit_test.hpp:15,
                 from /home/gd0/Documents/workspace_dev/FizzBuzz_generic_v2/FizzBuzz_classes/tests/inputProperties.cpp:33:
/usr/include/c++/6.4.1/bits/unique_ptr.h:650:5: note: candidate: template<class _Tp, class _Dp, class _Up, class _Ep> bool std::operator==(const std::unique_ptr<_Tp, _Dp>&, const std::unique_ptr<_Up, _Ep>&)
     operator==(const unique_ptr<_Tp, _Dp>& __x,
     ^~~~~~~~
/usr/include/c++/6.4.1/bits/unique_ptr.h:650:5: note:   template argument deduction/substitution failed:
In file included from /usr/include/boost/test/test_tools.hpp:46:0,
                 from /usr/include/boost/test/unit_test.hpp:18,
                 from /usr/include/boost/test/included/unit_test.hpp:34,
                 from /home/gd0/Documents/workspace_dev/FizzBuzz_generic_v2/FizzBuzz_classes/tests/inputProperties.cpp:33:
/usr/include/boost/test/tools/old/impl.hpp:107:17: note:   ‘const std::__cxx11::basic_string<char>’ is not derived from ‘const std::unique_ptr<_Tp, _Dp>’
     return left == right;
            ~~~~~^~~~~~~~
In file included from /usr/include/c++/6.4.1/memory:79:0,
                 from /usr/include/boost/config/no_tr1/memory.hpp:21,
                 from /usr/include/boost/smart_ptr/shared_ptr.hpp:23,
                 from /usr/include/boost/shared_ptr.hpp:17,
                 from /usr/include/boost/test/execution_monitor.hpp:24,
                 from /usr/include/boost/test/impl/compiler_log_formatter.ipp:22,
                 from /usr/include/boost/test/included/unit_test.hpp:15,
                 from /home/gd0/Documents/workspace_dev/FizzBuzz_generic_v2/FizzBuzz_classes/tests/inputProperties.cpp:33:
/usr/include/c++/6.4.1/functional:2199:5: note: candidate: template<class _Res, class ... _Args> bool std::operator==(std::nullptr_t, const std::function<_Res(_ArgTypes ...)>&)
     operator==(nullptr_t, const function<_Res(_Args...)>& __f) noexcept
     ^~~~~~~~
/usr/include/c++/6.4.1/functional:2199:5: note:   template argument deduction/substitution failed:
In file included from /usr/include/boost/test/test_tools.hpp:46:0,
                 from /usr/include/boost/test/unit_test.hpp:18,
                 from /usr/include/boost/test/included/unit_test.hpp:34,
                 from /home/gd0/Documents/workspace_dev/FizzBuzz_generic_v2/FizzBuzz_classes/tests/inputProperties.cpp:33:
/usr/include/boost/test/tools/old/impl.hpp:107:17: note:   mismatched types ‘const std::function<_Res(_ArgTypes ...)>’ and ‘const int’
     return left == right;
            ~~~~~^~~~~~~~
In file included from /usr/include/c++/6.4.1/memory:79:0,
                 from /usr/include/boost/config/no_tr1/memory.hpp:21,
                 from /usr/include/boost/smart_ptr/shared_ptr.hpp:23,
                 from /usr/include/boost/shared_ptr.hpp:17,
                 from /usr/include/boost/test/execution_monitor.hpp:24,
                 from /usr/include/boost/test/impl/compiler_log_formatter.ipp:22,
                 from /usr/include/boost/test/included/unit_test.hpp:15,
                 from /home/gd0/Documents/workspace_dev/FizzBuzz_generic_v2/FizzBuzz_classes/tests/inputProperties.cpp:33:
/usr/include/c++/6.4.1/functional:2193:5: note: candidate: template<class _Res, class ... _Args> bool std::operator==(const std::function<_Res(_ArgTypes ...)>&, std::nullptr_t)
     operator==(const function<_Res(_Args...)>& __f, nullptr_t) noexcept
     ^~~~~~~~
/usr/include/c++/6.4.1/functional:2193:5: note:   template argument deduction/substitution failed:
In file included from /usr/include/boost/test/test_tools.hpp:46:0,
                 from /usr/include/boost/test/unit_test.hpp:18,
                 from /usr/include/boost/test/included/unit_test.hpp:34,
                 from /home/gd0/Documents/workspace_dev/FizzBuzz_generic_v2/FizzBuzz_classes/tests/inputProperties.cpp:33:
/usr/include/boost/test/tools/old/impl.hpp:107:17: note:   ‘const std::__cxx11::basic_string<char>’ is not derived from ‘const std::function<_Res(_ArgTypes ...)>’
     return left == right;
            ~~~~~^~~~~~~~
In file included from /usr/include/c++/6.4.1/functional:55:0,
                 from /usr/include/c++/6.4.1/memory:79,
                 from /usr/include/boost/config/no_tr1/memory.hpp:21,
                 from /usr/include/boost/smart_ptr/shared_ptr.hpp:23,
                 from /usr/include/boost/shared_ptr.hpp:17,
                 from /usr/include/boost/test/execution_monitor.hpp:24,
                 from /usr/include/boost/test/impl/compiler_log_formatter.ipp:22,
                 from /usr/include/boost/test/included/unit_test.hpp:15,
                 from /home/gd0/Documents/workspace_dev/FizzBuzz_generic_v2/FizzBuzz_classes/tests/inputProperties.cpp:33:
/usr/include/c++/6.4.1/tuple:1341:5: note: candidate: template<class ... _TElements, class ... _UElements> constexpr bool std::operator==(const std::tuple<_Elements ...>&, const std::tuple<_Elements ...>&)
     operator==(const tuple<_TElements...>& __t,
     ^~~~~~~~
/usr/include/c++/6.4.1/tuple:1341:5: note:   template argument deduction/substitution failed:
In file included from /usr/include/boost/test/test_tools.hpp:46:0,
                 from /usr/include/boost/test/unit_test.hpp:18,
                 from /usr/include/boost/test/included/unit_test.hpp:34,
                 from /home/gd0/Documents/workspace_dev/FizzBuzz_generic_v2/FizzBuzz_classes/tests/inputProperties.cpp:33:
/usr/include/boost/test/tools/old/impl.hpp:107:17: note:   ‘const std::__cxx11::basic_string<char>’ is not derived from ‘const std::tuple<_Elements ...>’
     return left == right;
            ~~~~~^~~~~~~~
In file included from /usr/include/c++/6.4.1/tuple:39:0,
                 from /usr/include/c++/6.4.1/functional:55,
                 from /usr/include/c++/6.4.1/memory:79,
                 from /usr/include/boost/config/no_tr1/memory.hpp:21,
                 from /usr/include/boost/smart_ptr/shared_ptr.hpp:23,
                 from /usr/include/boost/shared_ptr.hpp:17,
                 from /usr/include/boost/test/execution_monitor.hpp:24,
                 from /usr/include/boost/test/impl/compiler_log_formatter.ipp:22,
                 from /usr/include/boost/test/included/unit_test.hpp:15,
                 from /home/gd0/Documents/workspace_dev/FizzBuzz_generic_v2/FizzBuzz_classes/tests/inputProperties.cpp:33:
/usr/include/c++/6.4.1/array:241:5: note: candidate: template<class _Tp, long unsigned int _Nm> bool std::operator==(const std::array<_Tp, _Nm>&, const std::array<_Tp, _Nm>&)
     operator==(const array<_Tp, _Nm>& __one, const array<_Tp, _Nm>& __two)
     ^~~~~~~~
/usr/include/c++/6.4.1/array:241:5: note:   template argument deduction/substitution failed:
In file included from /usr/include/boost/test/test_tools.hpp:46:0,
                 from /usr/include/boost/test/unit_test.hpp:18,
                 from /usr/include/boost/test/included/unit_test.hpp:34,
                 from /home/gd0/Documents/workspace_dev/FizzBuzz_generic_v2/FizzBuzz_classes/tests/inputProperties.cpp:33:
/usr/include/boost/test/tools/old/impl.hpp:107:17: note:   ‘const std::__cxx11::basic_string<char>’ is not derived from ‘const std::array<_Tp, _Nm>’
     return left == right;
            ~~~~~^~~~~~~~
In file included from /usr/include/c++/6.4.1/iterator:66:0,
                 from /usr/include/boost/test/detail/workaround.hpp:19,
                 from /usr/include/boost/test/detail/global_typedef.hpp:16,
                 from /usr/include/boost/test/output/compiler_log_formatter.hpp:19,
                 from /usr/include/boost/test/impl/compiler_log_formatter.ipp:19,
                 from /usr/include/boost/test/included/unit_test.hpp:15,
                 from /home/gd0/Documents/workspace_dev/FizzBuzz_generic_v2/FizzBuzz_classes/tests/inputProperties.cpp:33:
/usr/include/c++/6.4.1/bits/stream_iterator.h:130:5: note: candidate: template<class _Tp, class _CharT, class _Traits, class _Dist> bool std::operator==(const std::istream_iterator<_Tp, _CharT, _Traits, _Dist>&, const std::istream_iterator<_Tp, _CharT, _Traits, _Dist>&)
     operator==(const istream_iterator<_Tp, _CharT, _Traits, _Dist>& __x,
     ^~~~~~~~
/usr/include/c++/6.4.1/bits/stream_iterator.h:130:5: note:   template argument deduction/substitution failed:
In file included from /usr/include/boost/test/test_tools.hpp:46:0,
                 from /usr/include/boost/test/unit_test.hpp:18,
                 from /usr/include/boost/test/included/unit_test.hpp:34,
                 from /home/gd0/Documents/workspace_dev/FizzBuzz_generic_v2/FizzBuzz_classes/tests/inputProperties.cpp:33:
/usr/include/boost/test/tools/old/impl.hpp:107:17: note:   ‘const std::__cxx11::basic_string<char>’ is not derived from ‘const std::istream_iterator<_Tp, _CharT, _Traits, _Dist>’
     return left == right;
            ~~~~~^~~~~~~~
In file included from /usr/include/c++/6.4.1/bits/locale_facets.h:48:0,
                 from /usr/include/c++/6.4.1/bits/basic_ios.h:37,
                 from /usr/include/c++/6.4.1/ios:44,
                 from /usr/include/c++/6.4.1/ostream:38,
                 from /usr/include/c++/6.4.1/iterator:64,
                 from /usr/include/boost/test/detail/workaround.hpp:19,
                 from /usr/include/boost/test/detail/global_typedef.hpp:16,
                 from /usr/include/boost/test/output/compiler_log_formatter.hpp:19,
                 from /usr/include/boost/test/impl/compiler_log_formatter.ipp:19,
                 from /usr/include/boost/test/included/unit_test.hpp:15,
                 from /home/gd0/Documents/workspace_dev/FizzBuzz_generic_v2/FizzBuzz_classes/tests/inputProperties.cpp:33:
/usr/include/c++/6.4.1/bits/streambuf_iterator.h:204:5: note: candidate: template<class _CharT, class _Traits> bool std::operator==(const std::istreambuf_iterator<_CharT, _Traits>&, const std::istreambuf_iterator<_CharT, _Traits>&)
     operator==(const istreambuf_iterator<_CharT, _Traits>& __a,
     ^~~~~~~~
/usr/include/c++/6.4.1/bits/streambuf_iterator.h:204:5: note:   template argument deduction/substitution failed:
In file included from /usr/include/boost/test/test_tools.hpp:46:0,
                 from /usr/include/boost/test/unit_test.hpp:18,
                 from /usr/include/boost/test/included/unit_test.hpp:34,
                 from /home/gd0/Documents/workspace_dev/FizzBuzz_generic_v2/FizzBuzz_classes/tests/inputProperties.cpp:33:
/usr/include/boost/test/tools/old/impl.hpp:107:17: note:   ‘const std::__cxx11::basic_string<char>’ is not derived from ‘const std::istreambuf_iterator<_CharT, _Traits>’
     return left == right;
            ~~~~~^~~~~~~~
In file included from /usr/include/c++/6.4.1/bits/ios_base.h:46:0,
                 from /usr/include/c++/6.4.1/ios:42,
                 from /usr/include/c++/6.4.1/ostream:38,
                 from /usr/include/c++/6.4.1/iterator:64,
                 from /usr/include/boost/test/detail/workaround.hpp:19,
                 from /usr/include/boost/test/detail/global_typedef.hpp:16,
                 from /usr/include/boost/test/output/compiler_log_formatter.hpp:19,
                 from /usr/include/boost/test/impl/compiler_log_formatter.ipp:19,
                 from /usr/include/boost/test/included/unit_test.hpp:15,
                 from /home/gd0/Documents/workspace_dev/FizzBuzz_generic_v2/FizzBuzz_classes/tests/inputProperties.cpp:33:
/usr/include/c++/6.4.1/system_error:303:3: note: candidate: bool std::operator==(const std::error_condition&, const std::error_condition&)
   operator==(const error_condition& __lhs,
   ^~~~~~~~
/usr/include/c++/6.4.1/system_error:303:3: note:   no known conversion for argument 1 from ‘const std::__cxx11::basic_string<char>’ to ‘const std::error_condition&’
/usr/include/c++/6.4.1/system_error:296:3: note: candidate: bool std::operator==(const std::error_condition&, const std::error_code&)
   operator==(const error_condition& __lhs, const error_code& __rhs) noexcept
   ^~~~~~~~
/usr/include/c++/6.4.1/system_error:296:3: note:   no known conversion for argument 1 from ‘const std::__cxx11::basic_string<char>’ to ‘const std::error_condition&’
/usr/include/c++/6.4.1/system_error:289:3: note: candidate: bool std::operator==(const std::error_code&, const std::error_condition&)
   operator==(const error_code& __lhs, const error_condition& __rhs) noexcept
   ^~~~~~~~
/usr/include/c++/6.4.1/system_error:289:3: note:   no known conversion for argument 1 from ‘const std::__cxx11::basic_string<char>’ to ‘const std::error_code&’
/usr/include/c++/6.4.1/system_error:284:3: note: candidate: bool std::operator==(const std::error_code&, const std::error_code&)
   operator==(const error_code& __lhs, const error_code& __rhs) noexcept
   ^~~~~~~~
/usr/include/c++/6.4.1/system_error:284:3: note:   no known conversion for argument 1 from ‘const std::__cxx11::basic_string<char>’ to ‘const std::error_code&’
In file included from /usr/include/c++/6.4.1/string:52:0,
                 from /usr/include/boost/test/utils/basic_cstring/bcs_char_traits.hpp:25,
                 from /usr/include/boost/test/utils/basic_cstring/basic_cstring.hpp:21,
                 from /usr/include/boost/test/detail/global_typedef.hpp:15,
                 from /usr/include/boost/test/output/compiler_log_formatter.hpp:19,
                 from /usr/include/boost/test/impl/compiler_log_formatter.ipp:19,
                 from /usr/include/boost/test/included/unit_test.hpp:15,
                 from /home/gd0/Documents/workspace_dev/FizzBuzz_generic_v2/FizzBuzz_classes/tests/inputProperties.cpp:33:
/usr/include/c++/6.4.1/bits/basic_string.h:5099:5: note: candidate: template<class _CharT, class _Traits, class _Alloc> bool std::operator==(const std::__cxx11::basic_string<_CharT, _Traits, _Alloc>&, const _CharT*)
     operator==(const basic_string<_CharT, _Traits, _Alloc>& __lhs,
     ^~~~~~~~
/usr/include/c++/6.4.1/bits/basic_string.h:5099:5: note:   template argument deduction/substitution failed:
In file included from /usr/include/boost/test/test_tools.hpp:46:0,
                 from /usr/include/boost/test/unit_test.hpp:18,
                 from /usr/include/boost/test/included/unit_test.hpp:34,
                 from /home/gd0/Documents/workspace_dev/FizzBuzz_generic_v2/FizzBuzz_classes/tests/inputProperties.cpp:33:
/usr/include/boost/test/tools/old/impl.hpp:107:17: note:   mismatched types ‘const _CharT*’ and ‘int’
     return left == right;
            ~~~~~^~~~~~~~
In file included from /usr/include/c++/6.4.1/string:52:0,
                 from /usr/include/boost/test/utils/basic_cstring/bcs_char_traits.hpp:25,
                 from /usr/include/boost/test/utils/basic_cstring/basic_cstring.hpp:21,
                 from /usr/include/boost/test/detail/global_typedef.hpp:15,
                 from /usr/include/boost/test/output/compiler_log_formatter.hpp:19,
                 from /usr/include/boost/test/impl/compiler_log_formatter.ipp:19,
                 from /usr/include/boost/test/included/unit_test.hpp:15,
                 from /home/gd0/Documents/workspace_dev/FizzBuzz_generic_v2/FizzBuzz_classes/tests/inputProperties.cpp:33:
/usr/include/c++/6.4.1/bits/basic_string.h:5087:5: note: candidate: template<class _CharT, class _Traits, class _Alloc> bool std::operator==(const _CharT*, const std::__cxx11::basic_string<_CharT, _Traits, _Alloc>&)
     operator==(const _CharT* __lhs,
     ^~~~~~~~
/usr/include/c++/6.4.1/bits/basic_string.h:5087:5: note:   template argument deduction/substitution failed:
In file included from /usr/include/boost/test/test_tools.hpp:46:0,
                 from /usr/include/boost/test/unit_test.hpp:18,
                 from /usr/include/boost/test/included/unit_test.hpp:34,
                 from /home/gd0/Documents/workspace_dev/FizzBuzz_generic_v2/FizzBuzz_classes/tests/inputProperties.cpp:33:
/usr/include/boost/test/tools/old/impl.hpp:107:17: note:   mismatched types ‘const _CharT*’ and ‘std::__cxx11::basic_string<char>’
     return left == right;
            ~~~~~^~~~~~~~
In file included from /usr/include/c++/6.4.1/string:52:0,
                 from /usr/include/boost/test/utils/basic_cstring/bcs_char_traits.hpp:25,
                 from /usr/include/boost/test/utils/basic_cstring/basic_cstring.hpp:21,
                 from /usr/include/boost/test/detail/global_typedef.hpp:15,
                 from /usr/include/boost/test/output/compiler_log_formatter.hpp:19,
                 from /usr/include/boost/test/impl/compiler_log_formatter.ipp:19,
                 from /usr/include/boost/test/included/unit_test.hpp:15,
                 from /home/gd0/Documents/workspace_dev/FizzBuzz_generic_v2/FizzBuzz_classes/tests/inputProperties.cpp:33:
/usr/include/c++/6.4.1/bits/basic_string.h:5073:5: note: candidate: template<class _CharT> typename __gnu_cxx::__enable_if<std::__is_char<_Tp>::__value, bool>::__type std::operator==(const std::__cxx11::basic_string<_CharT>&, const std::__cxx11::basic_string<_CharT>&)
     operator==(const basic_string<_CharT>& __lhs,
     ^~~~~~~~
/usr/include/c++/6.4.1/bits/basic_string.h:5073:5: note:   template argument deduction/substitution failed:
In file included from /usr/include/boost/test/test_tools.hpp:46:0,
                 from /usr/include/boost/test/unit_test.hpp:18,
                 from /usr/include/boost/test/included/unit_test.hpp:34,
                 from /home/gd0/Documents/workspace_dev/FizzBuzz_generic_v2/FizzBuzz_classes/tests/inputProperties.cpp:33:
/usr/include/boost/test/tools/old/impl.hpp:107:17: note:   mismatched types ‘const std::__cxx11::basic_string<_CharT>’ and ‘const int’
     return left == right;
            ~~~~~^~~~~~~~
In file included from /usr/include/c++/6.4.1/string:52:0,
                 from /usr/include/boost/test/utils/basic_cstring/bcs_char_traits.hpp:25,
                 from /usr/include/boost/test/utils/basic_cstring/basic_cstring.hpp:21,
                 from /usr/include/boost/test/detail/global_typedef.hpp:15,
                 from /usr/include/boost/test/output/compiler_log_formatter.hpp:19,
                 from /usr/include/boost/test/impl/compiler_log_formatter.ipp:19,
                 from /usr/include/boost/test/included/unit_test.hpp:15,
                 from /home/gd0/Documents/workspace_dev/FizzBuzz_generic_v2/FizzBuzz_classes/tests/inputProperties.cpp:33:
/usr/include/c++/6.4.1/bits/basic_string.h:5065:5: note: candidate: template<class _CharT, class _Traits, class _Alloc> bool std::operator==(const std::__cxx11::basic_string<_CharT, _Traits, _Alloc>&, const std::__cxx11::basic_string<_CharT, _Traits, _Alloc>&)
     operator==(const basic_string<_CharT, _Traits, _Alloc>& __lhs,
     ^~~~~~~~
/usr/include/c++/6.4.1/bits/basic_string.h:5065:5: note:   template argument deduction/substitution failed:
In file included from /usr/include/boost/test/test_tools.hpp:46:0,
                 from /usr/include/boost/test/unit_test.hpp:18,
                 from /usr/include/boost/test/included/unit_test.hpp:34,
                 from /home/gd0/Documents/workspace_dev/FizzBuzz_generic_v2/FizzBuzz_classes/tests/inputProperties.cpp:33:
/usr/include/boost/test/tools/old/impl.hpp:107:17: note:   mismatched types ‘const std::__cxx11::basic_string<_CharT, _Traits, _Alloc>’ and ‘const int’
     return left == right;
            ~~~~~^~~~~~~~
In file included from /usr/include/c++/6.4.1/string:41:0,
                 from /usr/include/boost/test/utils/basic_cstring/bcs_char_traits.hpp:25,
                 from /usr/include/boost/test/utils/basic_cstring/basic_cstring.hpp:21,
                 from /usr/include/boost/test/detail/global_typedef.hpp:15,
                 from /usr/include/boost/test/output/compiler_log_formatter.hpp:19,
                 from /usr/include/boost/test/impl/compiler_log_formatter.ipp:19,
                 from /usr/include/boost/test/included/unit_test.hpp:15,
                 from /home/gd0/Documents/workspace_dev/FizzBuzz_generic_v2/FizzBuzz_classes/tests/inputProperties.cpp:33:
/usr/include/c++/6.4.1/bits/allocator.h:152:5: note: candidate: template<class _Tp> bool std::operator==(const std::allocator<_CharT>&, const std::allocator<_CharT>&)
     operator==(const allocator<_Tp>&, const allocator<_Tp>&)
     ^~~~~~~~
/usr/include/c++/6.4.1/bits/allocator.h:152:5: note:   template argument deduction/substitution failed:
In file included from /usr/include/boost/test/test_tools.hpp:46:0,
                 from /usr/include/boost/test/unit_test.hpp:18,
                 from /usr/include/boost/test/included/unit_test.hpp:34,
                 from /home/gd0/Documents/workspace_dev/FizzBuzz_generic_v2/FizzBuzz_classes/tests/inputProperties.cpp:33:
/usr/include/boost/test/tools/old/impl.hpp:107:17: note:   ‘const std::__cxx11::basic_string<char>’ is not derived from ‘const std::allocator<_CharT>’
     return left == right;
            ~~~~~^~~~~~~~
In file included from /usr/include/c++/6.4.1/string:41:0,
                 from /usr/include/boost/test/utils/basic_cstring/bcs_char_traits.hpp:25,
                 from /usr/include/boost/test/utils/basic_cstring/basic_cstring.hpp:21,
                 from /usr/include/boost/test/detail/global_typedef.hpp:15,
                 from /usr/include/boost/test/output/compiler_log_formatter.hpp:19,
                 from /usr/include/boost/test/impl/compiler_log_formatter.ipp:19,
                 from /usr/include/boost/test/included/unit_test.hpp:15,
                 from /home/gd0/Documents/workspace_dev/FizzBuzz_generic_v2/FizzBuzz_classes/tests/inputProperties.cpp:33:
/usr/include/c++/6.4.1/bits/allocator.h:146:5: note: candidate: template<class _T1, class _T2> bool std::operator==(const std::allocator<_CharT>&, const std::allocator<_T2>&)
     operator==(const allocator<_T1>&, const allocator<_T2>&)
     ^~~~~~~~
/usr/include/c++/6.4.1/bits/allocator.h:146:5: note:   template argument deduction/substitution failed:
In file included from /usr/include/boost/test/test_tools.hpp:46:0,
                 from /usr/include/boost/test/unit_test.hpp:18,
                 from /usr/include/boost/test/included/unit_test.hpp:34,
                 from /home/gd0/Documents/workspace_dev/FizzBuzz_generic_v2/FizzBuzz_classes/tests/inputProperties.cpp:33:
/usr/include/boost/test/tools/old/impl.hpp:107:17: note:   ‘const std::__cxx11::basic_string<char>’ is not derived from ‘const std::allocator<_CharT>’
     return left == right;
            ~~~~~^~~~~~~~
In file included from /usr/include/c++/6.4.1/bits/char_traits.h:40:0,
                 from /usr/include/c++/6.4.1/string:40,
                 from /usr/include/boost/test/utils/basic_cstring/bcs_char_traits.hpp:25,
                 from /usr/include/boost/test/utils/basic_cstring/basic_cstring.hpp:21,
                 from /usr/include/boost/test/detail/global_typedef.hpp:15,
                 from /usr/include/boost/test/output/compiler_log_formatter.hpp:19,
                 from /usr/include/boost/test/impl/compiler_log_formatter.ipp:19,
                 from /usr/include/boost/test/included/unit_test.hpp:15,
                 from /home/gd0/Documents/workspace_dev/FizzBuzz_generic_v2/FizzBuzz_classes/tests/inputProperties.cpp:33:
/usr/include/c++/6.4.1/bits/postypes.h:216:5: note: candidate: template<class _StateT> bool std::operator==(const std::fpos<_StateT>&, const std::fpos<_StateT>&)
     operator==(const fpos<_StateT>& __lhs, const fpos<_StateT>& __rhs)
     ^~~~~~~~
/usr/include/c++/6.4.1/bits/postypes.h:216:5: note:   template argument deduction/substitution failed:
In file included from /usr/include/boost/test/test_tools.hpp:46:0,
                 from /usr/include/boost/test/unit_test.hpp:18,
                 from /usr/include/boost/test/included/unit_test.hpp:34,
                 from /home/gd0/Documents/workspace_dev/FizzBuzz_generic_v2/FizzBuzz_classes/tests/inputProperties.cpp:33:
/usr/include/boost/test/tools/old/impl.hpp:107:17: note:   ‘const std::__cxx11::basic_string<char>’ is not derived from ‘const std::fpos<_StateT>’
     return left == right;
            ~~~~~^~~~~~~~
In file included from /usr/include/c++/6.4.1/bits/stl_algobase.h:67:0,
                 from /usr/include/c++/6.4.1/bits/char_traits.h:39,
                 from /usr/include/c++/6.4.1/string:40,
                 from /usr/include/boost/test/utils/basic_cstring/bcs_char_traits.hpp:25,
                 from /usr/include/boost/test/utils/basic_cstring/basic_cstring.hpp:21,
                 from /usr/include/boost/test/detail/global_typedef.hpp:15,
                 from /usr/include/boost/test/output/compiler_log_formatter.hpp:19,
                 from /usr/include/boost/test/impl/compiler_log_formatter.ipp:19,
                 from /usr/include/boost/test/included/unit_test.hpp:15,
                 from /home/gd0/Documents/workspace_dev/FizzBuzz_generic_v2/FizzBuzz_classes/tests/inputProperties.cpp:33:
/usr/include/c++/6.4.1/bits/stl_iterator.h:1119:5: note: candidate: template<class _Iterator> bool std::operator==(const std::move_iterator<_IteratorL>&, const std::move_iterator<_IteratorL>&)
     operator==(const move_iterator<_Iterator>& __x,
     ^~~~~~~~
/usr/include/c++/6.4.1/bits/stl_iterator.h:1119:5: note:   template argument deduction/substitution failed:
In file included from /usr/include/boost/test/test_tools.hpp:46:0,
                 from /usr/include/boost/test/unit_test.hpp:18,
                 from /usr/include/boost/test/included/unit_test.hpp:34,
                 from /home/gd0/Documents/workspace_dev/FizzBuzz_generic_v2/FizzBuzz_classes/tests/inputProperties.cpp:33:
/usr/include/boost/test/tools/old/impl.hpp:107:17: note:   ‘const std::__cxx11::basic_string<char>’ is not derived from ‘const std::move_iterator<_IteratorL>’
     return left == right;
            ~~~~~^~~~~~~~
In file included from /usr/include/c++/6.4.1/bits/stl_algobase.h:67:0,
                 from /usr/include/c++/6.4.1/bits/char_traits.h:39,
                 from /usr/include/c++/6.4.1/string:40,
                 from /usr/include/boost/test/utils/basic_cstring/bcs_char_traits.hpp:25,
                 from /usr/include/boost/test/utils/basic_cstring/basic_cstring.hpp:21,
                 from /usr/include/boost/test/detail/global_typedef.hpp:15,
                 from /usr/include/boost/test/output/compiler_log_formatter.hpp:19,
                 from /usr/include/boost/test/impl/compiler_log_formatter.ipp:19,
                 from /usr/include/boost/test/included/unit_test.hpp:15,
                 from /home/gd0/Documents/workspace_dev/FizzBuzz_generic_v2/FizzBuzz_classes/tests/inputProperties.cpp:33:
/usr/include/c++/6.4.1/bits/stl_iterator.h:1113:5: note: candidate: template<class _IteratorL, class _IteratorR> bool std::operator==(const std::move_iterator<_IteratorL>&, const std::move_iterator<_IteratorR>&)
     operator==(const move_iterator<_IteratorL>& __x,
     ^~~~~~~~
/usr/include/c++/6.4.1/bits/stl_iterator.h:1113:5: note:   template argument deduction/substitution failed:
In file included from /usr/include/boost/test/test_tools.hpp:46:0,
                 from /usr/include/boost/test/unit_test.hpp:18,
                 from /usr/include/boost/test/included/unit_test.hpp:34,
                 from /home/gd0/Documents/workspace_dev/FizzBuzz_generic_v2/FizzBuzz_classes/tests/inputProperties.cpp:33:
/usr/include/boost/test/tools/old/impl.hpp:107:17: note:   ‘const std::__cxx11::basic_string<char>’ is not derived from ‘const std::move_iterator<_IteratorL>’
     return left == right;
            ~~~~~^~~~~~~~
In file included from /usr/include/c++/6.4.1/bits/stl_algobase.h:67:0,
                 from /usr/include/c++/6.4.1/bits/char_traits.h:39,
                 from /usr/include/c++/6.4.1/string:40,
                 from /usr/include/boost/test/utils/basic_cstring/bcs_char_traits.hpp:25,
                 from /usr/include/boost/test/utils/basic_cstring/basic_cstring.hpp:21,
                 from /usr/include/boost/test/detail/global_typedef.hpp:15,
                 from /usr/include/boost/test/output/compiler_log_formatter.hpp:19,
                 from /usr/include/boost/test/impl/compiler_log_formatter.ipp:19,
                 from /usr/include/boost/test/included/unit_test.hpp:15,
                 from /home/gd0/Documents/workspace_dev/FizzBuzz_generic_v2/FizzBuzz_classes/tests/inputProperties.cpp:33:
/usr/include/c++/6.4.1/bits/stl_iterator.h:349:5: note: candidate: template<class _IteratorL, class _IteratorR> bool std::operator==(const std::reverse_iterator<_Iterator>&, const std::reverse_iterator<_IteratorR>&)
     operator==(const reverse_iterator<_IteratorL>& __x,
     ^~~~~~~~
/usr/include/c++/6.4.1/bits/stl_iterator.h:349:5: note:   template argument deduction/substitution failed:
In file included from /usr/include/boost/test/test_tools.hpp:46:0,
                 from /usr/include/boost/test/unit_test.hpp:18,
                 from /usr/include/boost/test/included/unit_test.hpp:34,
                 from /home/gd0/Documents/workspace_dev/FizzBuzz_generic_v2/FizzBuzz_classes/tests/inputProperties.cpp:33:
/usr/include/boost/test/tools/old/impl.hpp:107:17: note:   ‘const std::__cxx11::basic_string<char>’ is not derived from ‘const std::reverse_iterator<_Iterator>’
     return left == right;
            ~~~~~^~~~~~~~
In file included from /usr/include/c++/6.4.1/bits/stl_algobase.h:67:0,
                 from /usr/include/c++/6.4.1/bits/char_traits.h:39,
                 from /usr/include/c++/6.4.1/string:40,
                 from /usr/include/boost/test/utils/basic_cstring/bcs_char_traits.hpp:25,
                 from /usr/include/boost/test/utils/basic_cstring/basic_cstring.hpp:21,
                 from /usr/include/boost/test/detail/global_typedef.hpp:15,
                 from /usr/include/boost/test/output/compiler_log_formatter.hpp:19,
                 from /usr/include/boost/test/impl/compiler_log_formatter.ipp:19,
                 from /usr/include/boost/test/included/unit_test.hpp:15,
                 from /home/gd0/Documents/workspace_dev/FizzBuzz_generic_v2/FizzBuzz_classes/tests/inputProperties.cpp:33:
/usr/include/c++/6.4.1/bits/stl_iterator.h:292:5: note: candidate: template<class _Iterator> bool std::operator==(const std::reverse_iterator<_Iterator>&, const std::reverse_iterator<_Iterator>&)
     operator==(const reverse_iterator<_Iterator>& __x,
     ^~~~~~~~
/usr/include/c++/6.4.1/bits/stl_iterator.h:292:5: note:   template argument deduction/substitution failed:
In file included from /usr/include/boost/test/test_tools.hpp:46:0,
                 from /usr/include/boost/test/unit_test.hpp:18,
                 from /usr/include/boost/test/included/unit_test.hpp:34,
                 from /home/gd0/Documents/workspace_dev/FizzBuzz_generic_v2/FizzBuzz_classes/tests/inputProperties.cpp:33:
/usr/include/boost/test/tools/old/impl.hpp:107:17: note:   ‘const std::__cxx11::basic_string<char>’ is not derived from ‘const std::reverse_iterator<_Iterator>’
     return left == right;
            ~~~~~^~~~~~~~
In file included from /usr/include/c++/6.4.1/bits/stl_algobase.h:64:0,
                 from /usr/include/c++/6.4.1/bits/char_traits.h:39,
                 from /usr/include/c++/6.4.1/string:40,
                 from /usr/include/boost/test/utils/basic_cstring/bcs_char_traits.hpp:25,
                 from /usr/include/boost/test/utils/basic_cstring/basic_cstring.hpp:21,
                 from /usr/include/boost/test/detail/global_typedef.hpp:15,
                 from /usr/include/boost/test/output/compiler_log_formatter.hpp:19,
                 from /usr/include/boost/test/impl/compiler_log_formatter.ipp:19,
                 from /usr/include/boost/test/included/unit_test.hpp:15,
                 from /home/gd0/Documents/workspace_dev/FizzBuzz_generic_v2/FizzBuzz_classes/tests/inputProperties.cpp:33:
/usr/include/c++/6.4.1/bits/stl_pair.h:435:5: note: candidate: template<class _T1, class _T2> constexpr bool std::operator==(const std::pair<_T1, _T2>&, const std::pair<_T1, _T2>&)
     operator==(const pair<_T1, _T2>& __x, const pair<_T1, _T2>& __y)
     ^~~~~~~~
/usr/include/c++/6.4.1/bits/stl_pair.h:435:5: note:   template argument deduction/substitution failed:
In file included from /usr/include/boost/test/test_tools.hpp:46:0,
                 from /usr/include/boost/test/unit_test.hpp:18,
                 from /usr/include/boost/test/included/unit_test.hpp:34,
                 from /home/gd0/Documents/workspace_dev/FizzBuzz_generic_v2/FizzBuzz_classes/tests/inputProperties.cpp:33:
/usr/include/boost/test/tools/old/impl.hpp:107:17: note:   ‘const std::__cxx11::basic_string<char>’ is not derived from ‘const std::pair<_T1, _T2>’
     return left == right;
            ~~~~~^~~~~~~~
In file included from /usr/include/c++/6.4.1/x86_64-redhat-linux/bits/c++allocator.h:33:0,
                 from /usr/include/c++/6.4.1/bits/allocator.h:46,
                 from /usr/include/c++/6.4.1/string:41,
                 from /usr/include/boost/test/utils/basic_cstring/bcs_char_traits.hpp:25,
                 from /usr/include/boost/test/utils/basic_cstring/basic_cstring.hpp:21,
                 from /usr/include/boost/test/detail/global_typedef.hpp:15,
                 from /usr/include/boost/test/output/compiler_log_formatter.hpp:19,
                 from /usr/include/boost/test/impl/compiler_log_formatter.ipp:19,
                 from /usr/include/boost/test/included/unit_test.hpp:15,
                 from /home/gd0/Documents/workspace_dev/FizzBuzz_generic_v2/FizzBuzz_classes/tests/inputProperties.cpp:33:
/usr/include/c++/6.4.1/ext/new_allocator.h:139:5: note: candidate: template<class _Tp> bool __gnu_cxx::operator==(const __gnu_cxx::new_allocator<_Tp>&, const __gnu_cxx::new_allocator<_Tp>&)
     operator==(const new_allocator<_Tp>&, const new_allocator<_Tp>&)
     ^~~~~~~~
/usr/include/c++/6.4.1/ext/new_allocator.h:139:5: note:   template argument deduction/substitution failed:
In file included from /usr/include/boost/test/test_tools.hpp:46:0,
                 from /usr/include/boost/test/unit_test.hpp:18,
                 from /usr/include/boost/test/included/unit_test.hpp:34,
                 from /home/gd0/Documents/workspace_dev/FizzBuzz_generic_v2/FizzBuzz_classes/tests/inputProperties.cpp:33:
/usr/include/boost/test/tools/old/impl.hpp:107:17: note:   ‘const std::__cxx11::basic_string<char>’ is not derived from ‘const __gnu_cxx::new_allocator<_Tp>’
     return left == right;
            ~~~~~^~~~~~~~
In file included from /usr/include/c++/6.4.1/bits/stl_algobase.h:67:0,
                 from /usr/include/c++/6.4.1/bits/char_traits.h:39,
                 from /usr/include/c++/6.4.1/string:40,
                 from /usr/include/boost/test/utils/basic_cstring/bcs_char_traits.hpp:25,
                 from /usr/include/boost/test/utils/basic_cstring/basic_cstring.hpp:21,
                 from /usr/include/boost/test/detail/global_typedef.hpp:15,
                 from /usr/include/boost/test/output/compiler_log_formatter.hpp:19,
                 from /usr/include/boost/test/impl/compiler_log_formatter.ipp:19,
                 from /usr/include/boost/test/included/unit_test.hpp:15,
                 from /home/gd0/Documents/workspace_dev/FizzBuzz_generic_v2/FizzBuzz_classes/tests/inputProperties.cpp:33:
/usr/include/c++/6.4.1/bits/stl_iterator.h:863:5: note: candidate: template<class _Iterator, class _Container> bool __gnu_cxx::operator==(const __gnu_cxx::__normal_iterator<_Iterator, _Container>&, const __gnu_cxx::__normal_iterator<_Iterator, _Container>&)
     operator==(const __normal_iterator<_Iterator, _Container>& __lhs,
     ^~~~~~~~
/usr/include/c++/6.4.1/bits/stl_iterator.h:863:5: note:   template argument deduction/substitution failed:
In file included from /usr/include/boost/test/test_tools.hpp:46:0,
                 from /usr/include/boost/test/unit_test.hpp:18,
                 from /usr/include/boost/test/included/unit_test.hpp:34,
                 from /home/gd0/Documents/workspace_dev/FizzBuzz_generic_v2/FizzBuzz_classes/tests/inputProperties.cpp:33:
/usr/include/boost/test/tools/old/impl.hpp:107:17: note:   ‘const std::__cxx11::basic_string<char>’ is not derived from ‘const __gnu_cxx::__normal_iterator<_Iterator, _Container>’
     return left == right;
            ~~~~~^~~~~~~~
In file included from /usr/include/c++/6.4.1/bits/stl_algobase.h:67:0,
                 from /usr/include/c++/6.4.1/bits/char_traits.h:39,
                 from /usr/include/c++/6.4.1/string:40,
                 from /usr/include/boost/test/utils/basic_cstring/bcs_char_traits.hpp:25,
                 from /usr/include/boost/test/utils/basic_cstring/basic_cstring.hpp:21,
                 from /usr/include/boost/test/detail/global_typedef.hpp:15,
                 from /usr/include/boost/test/output/compiler_log_formatter.hpp:19,
                 from /usr/include/boost/test/impl/compiler_log_formatter.ipp:19,
                 from /usr/include/boost/test/included/unit_test.hpp:15,
                 from /home/gd0/Documents/workspace_dev/FizzBuzz_generic_v2/FizzBuzz_classes/tests/inputProperties.cpp:33:
/usr/include/c++/6.4.1/bits/stl_iterator.h:856:5: note: candidate: template<class _IteratorL, class _IteratorR, class _Container> bool __gnu_cxx::operator==(const __gnu_cxx::__normal_iterator<_IteratorL, _Container>&, const __gnu_cxx::__normal_iterator<_IteratorR, _Container>&)
     operator==(const __normal_iterator<_IteratorL, _Container>& __lhs,
     ^~~~~~~~
/usr/include/c++/6.4.1/bits/stl_iterator.h:856:5: note:   template argument deduction/substitution failed:
In file included from /usr/include/boost/test/test_tools.hpp:46:0,
                 from /usr/include/boost/test/unit_test.hpp:18,
                 from /usr/include/boost/test/included/unit_test.hpp:34,
                 from /home/gd0/Documents/workspace_dev/FizzBuzz_generic_v2/FizzBuzz_classes/tests/inputProperties.cpp:33:
/usr/include/boost/test/tools/old/impl.hpp:107:17: note:   ‘const std::__cxx11::basic_string<char>’ is not derived from ‘const __gnu_cxx::__normal_iterator<_IteratorL, _Container>’
     return left == right;
            ~~~~~^~~~~~~~
FizzBuzz_classes/CMakeFiles/inputProperties.dir/build.make:62: recipe for target 'FizzBuzz_classes/CMakeFiles/inputProperties.dir/tests/inputProperties.cpp.o' failed
make[2]: *** [FizzBuzz_classes/CMakeFiles/inputProperties.dir/tests/inputProperties.cpp.o] Error 1
CMakeFiles/Makefile2:126: recipe for target 'FizzBuzz_classes/CMakeFiles/inputProperties.dir/all' failed
make[1]: *** [FizzBuzz_classes/CMakeFiles/inputProperties.dir/all] Error 2
Makefile:94: recipe for target 'all' failed
make: *** [all] Error 2
